#
# A fatal error has been detected by the Java Runtime Environment:
#
#  SIGSEGV (0xb) at pc=0x00007f5f8cc37d30, pid=22058, tid=22059
#
# JRE version: OpenJDK Runtime Environment (21.0.6+7) (build 21.0.6+7-Ubuntu-122.04.1)
# Java VM: OpenJDK 64-Bit Server VM (21.0.6+7-Ubuntu-122.04.1, mixed mode, sharing, tiered, compressed oops, compressed class ptrs, g1 gc, linux-amd64)
# Problematic frame:
# C  [libc.so.6+0x91691]
#
# Core dump will be written. Default location: Core dumps may be processed with "/wsl-capture-crash %t %E %p %s" (or dumping to /mnt/c/Users/Victor B. Pedersen/Desktop/SDU/4.Semester/Semester Project/Game/core.22058)
#
# If you would like to submit a bug report, please visit:
#   https://bugs.launchpad.net/ubuntu/+source/openjdk-21
#

---------------  S U M M A R Y ------------

Command Line: dk.ee.zg.DesktopLauncher

Host: 13th Gen Intel(R) Core(TM) i9-13900K, 32 cores, 15G, Ubuntu 22.04.2 LTS
Time: Thu Mar  6 14:49:23 2025 CET elapsed time: 12.677667 seconds (0d 0h 0m 12s)

---------------  T H R E A D  ---------------

Current thread is native thread

Stack: [0x00007f5fbf642000,0x00007f5fbf742000],  sp=0x00007f5fbf740e20,  free space=1019k
Native frames: (J=compiled Java code, j=interpreted, Vv=VM code, C=native code)
C  [libc.so.6+0x91691]

siginfo: si_signo: 11 (SIGSEGV), si_code: 1 (SEGV_MAPERR), si_addr: 0x00007f5f8cc37d30

Registers:
RAX=0x0000000000000001, RBX=0x00007f5fbf7419b8, RCX=0x0000000000000001, RDX=0x00007f5f8cc37d30
RSP=0x00007f5fbf740e18, RBP=0x00007f5fc11e9b48, RSI=0x00007f5fc11e9ae0, RDI=0x00007f5fb83784b0
R8 =0x0000000000000000, R9 =0x00007f5fb82b2cd0, R10=0x0000000000000080, R11=0x00007f5f8c200000
R12=0x0000000000000000, R13=0x00007f5fc11e9ae8, R14=0x0000000000000004, R15=0x00007f5fbf741b58
RIP=0x00007f5f8cc37d30, EFLAGS=0x0000000000010206, CSGSFS=0x002b000000000033, ERR=0x0000000000000014
  TRAPNO=0x000000000000000e

XMM[0]=0x0000000000000000 0x0000000000000000
XMM[1]=0x00007f5f8c200000 0x0000000000000000
XMM[2]=0x00007f5f8c416480 0x00007f5f8c416480
XMM[3]=0x00007f5fb8019690 0x00007f5fc0c18a48
XMM[4]=0x0000000000000000 0x00007f5fbf740d80
XMM[5]=0x00007f5fc072810f 0x00007f5fbf740b30
XMM[6]=0x00007f5fb8fffb50 0x00007f5fb91ce620
XMM[7]=0x00007f5fc076cd43 0x00007f5fbf740b50
XMM[8]=0x6d75642064616572 0x6874206c6c754600
XMM[9]=0x0000000000000000 0x0000000000000000
XMM[10]=0x0000000000000000 0x00000000f8591f93
XMM[11]=0xea8fdd2aea8fdd2a 0xea8fdd2a7a970d63
XMM[12]=0x0000000000000000 0x0000000090073039
XMM[13]=0x0000000000000000 0x0000000000000000
XMM[14]=0x0000000000000000 0x0000000000000000
XMM[15]=0x0000000000000000 0x0000000000000000
  MXCSR=0x00001fa0


Top of Stack: (sp=0x00007f5fbf740e18)
0x00007f5fbf740e18:   00007f5fc105e691 00007f5fbf741640
0x00007f5fbf740e28:   00007f5fbf741640 0000000000000000
0x00007f5fbf740e38:   00007f5fbf741640 0000000000000002
0x00007f5fbf740e48:   00007f5fc10617d0 00007ffd124b6880
0x00007f5fbf740e58:   00007f5fc106194a 0000000000000000
0x00007f5fbf740e68:   00007f5fbf741640 00007ffd124b6720
0x00007f5fbf740e78:   bd776f73530f8a4c 00007f5fbf741640
0x00007f5fbf740e88:   0000000000000002 00007f5fc10617d0
0x00007f5fbf740e98:   00007ffd124b6880 43c8119b4fcf8a4c
0x00007f5fbf740ea8:   43c8ed7f628d8a4c 0000000000000000
0x00007f5fbf740eb8:   0000000000000000 0000000000000000
0x00007f5fbf740ec8:   0000000000000000 0000000000000000
0x00007f5fbf740ed8:   a682b9b28654f700 0000000000000000
0x00007f5fbf740ee8:   00007ffd124b6720 0000000000000000
0x00007f5fbf740ef8:   00007f5fc10f3850 0000000000000000
0x00007f5fbf740f08:   0000000000000000 0000000000000000
0x00007f5fbf740f18:   0000000000000000 0000000000000000
0x00007f5fbf740f28:   0000000000000000 0000000000000000
0x00007f5fbf740f38:   0000000000000000 0000000000000000
0x00007f5fbf740f48:   0000000000000000 0000000000000000
0x00007f5fbf740f58:   0000000000000000 0000000000000000
0x00007f5fbf740f68:   0000000000000000 0000000000000000
0x00007f5fbf740f78:   0000000000000000 0000000000000000
0x00007f5fbf740f88:   0000000000000000 0000000000000000
0x00007f5fbf740f98:   0000000000000000 0000000000000000
0x00007f5fbf740fa8:   0000000000000000 0000000000000000
0x00007f5fbf740fb8:   0000000000000000 0000000000000000
0x00007f5fbf740fc8:   0000000000000000 0000000000000000
0x00007f5fbf740fd8:   0000000000000000 0000000000000000
0x00007f5fbf740fe8:   0000000000000000 0000000000000000
0x00007f5fbf740ff8:   0000000000000000 0000000000000000
0x00007f5fbf741008:   0000000000000000 0000000000000000 

Instructions: (pc=0x00007f5fc105e691)
0x00007f5fc105e591:   00 00 5b 5d e9 66 fd ff ff 66 0f 1f 44 00 00 e8
0x00007f5fc105e5a1:   0b fe ff ff eb 9e 66 0f 1f 84 00 00 00 00 00 f3
0x00007f5fc105e5b1:   0f 1e fa 48 8b 35 0d 89 18 00 31 d2 48 8b 8e b0
0x00007f5fc105e5c1:   02 00 00 48 8b 86 a8 02 00 00 48 01 c8 48 83 e8
0x00007f5fc105e5d1:   01 48 f7 f1 48 8b 56 18 48 0f af c1 48 8d 84 10
0x00007f5fc105e5e1:   00 40 00 00 c3 66 2e 0f 1f 84 00 00 00 00 00 f3
0x00007f5fc105e5f1:   0f 1e fa 31 c0 64 8a 04 25 10 06 00 00 84 c0 0f
0x00007f5fc105e601:   84 2c 01 00 00 41 57 41 56 41 be 04 00 00 00 41
0x00007f5fc105e611:   55 41 54 55 53 48 83 ec 08 64 c6 04 25 10 06 00
0x00007f5fc105e621:   00 00 4c 8d 2d be b4 18 00 45 31 e4 eb 12 90 49
0x00007f5fc105e631:   83 c4 01 49 81 c5 00 02 00 00 49 83 fc 20 74 52
0x00007f5fc105e641:   64 4a 8b 04 e5 10 05 00 00 48 85 c0 74 e1 48 8d
0x00007f5fc105e651:   58 08 4c 8d b8 08 02 00 00 4c 89 ed eb 0e 90 48
0x00007f5fc105e661:   83 c3 10 48 83 c5 10 4c 39 fb 74 c3 48 8b 3b 48
0x00007f5fc105e671:   85 ff 74 eb 48 c7 03 00 00 00 00 48 8b 45 f8 48
0x00007f5fc105e681:   39 43 f8 75 da 48 8b 55 00 48 85 d2 74 d1 ff d2
0x00007f5fc105e691:   eb cd 31 c0 64 8a 04 25 10 06 00 00 84 c0 74 45
0x00007f5fc105e6a1:   49 83 ee 01 0f 85 6f ff ff ff 64 48 8b 04 25 10
0x00007f5fc105e6b1:   00 00 00 48 8d b8 18 03 00 00 48 c7 80 10 03 00
0x00007f5fc105e6c1:   00 00 00 00 00 48 c7 80 08 05 00 00 00 00 00 00
0x00007f5fc105e6d1:   48 83 e7 f8 29 f8 8d 88 10 05 00 00 4c 89 f0 c1
0x00007f5fc105e6e1:   e9 03 f3 48 ab bb 01 00 00 00 0f 1f 44 00 00 64
0x00007f5fc105e6f1:   48 8b 3c dd 10 05 00 00 48 85 ff 74 12 e8 6d 6c
0x00007f5fc105e701:   f9 ff 64 48 c7 04 dd 10 05 00 00 00 00 00 00 48
0x00007f5fc105e711:   83 c3 01 48 83 fb 20 75 d6 64 c6 04 25 10 06 00
0x00007f5fc105e721:   00 00 48 83 c4 08 5b 5d 41 5c 41 5d 41 5e 41 5f
0x00007f5fc105e731:   c3 c3 66 2e 0f 1f 84 00 00 00 00 00 0f 1f 00 f3
0x00007f5fc105e741:   0f 1e fa f0 0f ba af 08 03 00 00 05 0f 92 c0 84
0x00007f5fc105e751:   c0 75 2c 55 48 89 fd 48 8b bf b0 06 00 00 48 85
0x00007f5fc105e761:   ff 74 10 48 c7 85 b0 06 00 00 00 00 00 00 e8 fc
0x00007f5fc105e771:   6b f9 ff 48 89 ef 5d e9 03 fd ff ff 0f 1f 00 c3
0x00007f5fc105e781:   66 2e 0f 1f 84 00 00 00 00 00 0f 1f 44 00 00 53 



---------------  P R O C E S S  ---------------

VM state: at safepoint (shutting down)

VM Mutex/Monitor currently owned by a thread:  ([mutex/lock_event])
[0x00007f5fc0f95cf8] Threads_lock - owner thread: 0x00007f5fb8196a70

Heap address: 0x0000000708000000, size: 3968 MB, Compressed Oops mode: Zero based, Oop shift amount: 3

CDS archive(s) mapped at: [0x00007f5f3f000000-0x00007f5f3fc97000-0x00007f5f3fc97000), size 13201408, SharedBaseAddress: 0x00007f5f3f000000, ArchiveRelocationMode: 1.
Compressed class space mapped at: 0x00007f5f40000000-0x00007f5f80000000, reserved size: 1073741824
Narrow klass base: 0x00007f5f3f000000, Narrow klass shift: 0, Narrow klass range: 0x100000000

GC Precious Log:
<Skipped>

Heap:
 garbage-first heap   total 256000K, used 18375K [0x0000000708000000, 0x0000000800000000)
  region size 2048K, 9 young (18432K), 0 survivors (0K)
 Metaspace       used 5898K, committed 6144K, reserved 1114112K
  class space    used 388K, committed 512K, reserved 1048576K

Heap Regions: E=young(eden), S=young(survivor), O=old, HS=humongous(starts), HC=humongous(continues), CS=collection set, F=free, TAMS=top-at-mark-start, PB=parsable bottom
|   0|0x0000000708000000, 0x0000000708000000, 0x0000000708200000|  0%| F|  |TAMS 0x0000000708000000| PB 0x0000000708000000| Untracked 
|   1|0x0000000708200000, 0x0000000708200000, 0x0000000708400000|  0%| F|  |TAMS 0x0000000708200000| PB 0x0000000708200000| Untracked 
|   2|0x0000000708400000, 0x0000000708400000, 0x0000000708600000|  0%| F|  |TAMS 0x0000000708400000| PB 0x0000000708400000| Untracked 
|   3|0x0000000708600000, 0x0000000708600000, 0x0000000708800000|  0%| F|  |TAMS 0x0000000708600000| PB 0x0000000708600000| Untracked 
|   4|0x0000000708800000, 0x0000000708800000, 0x0000000708a00000|  0%| F|  |TAMS 0x0000000708800000| PB 0x0000000708800000| Untracked 
|   5|0x0000000708a00000, 0x0000000708a00000, 0x0000000708c00000|  0%| F|  |TAMS 0x0000000708a00000| PB 0x0000000708a00000| Untracked 
|   6|0x0000000708c00000, 0x0000000708c00000, 0x0000000708e00000|  0%| F|  |TAMS 0x0000000708c00000| PB 0x0000000708c00000| Untracked 
|   7|0x0000000708e00000, 0x0000000708e00000, 0x0000000709000000|  0%| F|  |TAMS 0x0000000708e00000| PB 0x0000000708e00000| Untracked 
|   8|0x0000000709000000, 0x0000000709000000, 0x0000000709200000|  0%| F|  |TAMS 0x0000000709000000| PB 0x0000000709000000| Untracked 
|   9|0x0000000709200000, 0x0000000709200000, 0x0000000709400000|  0%| F|  |TAMS 0x0000000709200000| PB 0x0000000709200000| Untracked 
|  10|0x0000000709400000, 0x0000000709400000, 0x0000000709600000|  0%| F|  |TAMS 0x0000000709400000| PB 0x0000000709400000| Untracked 
|  11|0x0000000709600000, 0x0000000709600000, 0x0000000709800000|  0%| F|  |TAMS 0x0000000709600000| PB 0x0000000709600000| Untracked 
|  12|0x0000000709800000, 0x0000000709800000, 0x0000000709a00000|  0%| F|  |TAMS 0x0000000709800000| PB 0x0000000709800000| Untracked 
|  13|0x0000000709a00000, 0x0000000709a00000, 0x0000000709c00000|  0%| F|  |TAMS 0x0000000709a00000| PB 0x0000000709a00000| Untracked 
|  14|0x0000000709c00000, 0x0000000709c00000, 0x0000000709e00000|  0%| F|  |TAMS 0x0000000709c00000| PB 0x0000000709c00000| Untracked 
|  15|0x0000000709e00000, 0x0000000709e00000, 0x000000070a000000|  0%| F|  |TAMS 0x0000000709e00000| PB 0x0000000709e00000| Untracked 
|  16|0x000000070a000000, 0x000000070a000000, 0x000000070a200000|  0%| F|  |TAMS 0x000000070a000000| PB 0x000000070a000000| Untracked 
|  17|0x000000070a200000, 0x000000070a200000, 0x000000070a400000|  0%| F|  |TAMS 0x000000070a200000| PB 0x000000070a200000| Untracked 
|  18|0x000000070a400000, 0x000000070a400000, 0x000000070a600000|  0%| F|  |TAMS 0x000000070a400000| PB 0x000000070a400000| Untracked 
|  19|0x000000070a600000, 0x000000070a600000, 0x000000070a800000|  0%| F|  |TAMS 0x000000070a600000| PB 0x000000070a600000| Untracked 
|  20|0x000000070a800000, 0x000000070a800000, 0x000000070aa00000|  0%| F|  |TAMS 0x000000070a800000| PB 0x000000070a800000| Untracked 
|  21|0x000000070aa00000, 0x000000070aa00000, 0x000000070ac00000|  0%| F|  |TAMS 0x000000070aa00000| PB 0x000000070aa00000| Untracked 
|  22|0x000000070ac00000, 0x000000070ac00000, 0x000000070ae00000|  0%| F|  |TAMS 0x000000070ac00000| PB 0x000000070ac00000| Untracked 
|  23|0x000000070ae00000, 0x000000070ae00000, 0x000000070b000000|  0%| F|  |TAMS 0x000000070ae00000| PB 0x000000070ae00000| Untracked 
|  24|0x000000070b000000, 0x000000070b000000, 0x000000070b200000|  0%| F|  |TAMS 0x000000070b000000| PB 0x000000070b000000| Untracked 
|  25|0x000000070b200000, 0x000000070b200000, 0x000000070b400000|  0%| F|  |TAMS 0x000000070b200000| PB 0x000000070b200000| Untracked 
|  26|0x000000070b400000, 0x000000070b400000, 0x000000070b600000|  0%| F|  |TAMS 0x000000070b400000| PB 0x000000070b400000| Untracked 
|  27|0x000000070b600000, 0x000000070b600000, 0x000000070b800000|  0%| F|  |TAMS 0x000000070b600000| PB 0x000000070b600000| Untracked 
|  28|0x000000070b800000, 0x000000070b800000, 0x000000070ba00000|  0%| F|  |TAMS 0x000000070b800000| PB 0x000000070b800000| Untracked 
|  29|0x000000070ba00000, 0x000000070ba00000, 0x000000070bc00000|  0%| F|  |TAMS 0x000000070ba00000| PB 0x000000070ba00000| Untracked 
|  30|0x000000070bc00000, 0x000000070bc00000, 0x000000070be00000|  0%| F|  |TAMS 0x000000070bc00000| PB 0x000000070bc00000| Untracked 
|  31|0x000000070be00000, 0x000000070be00000, 0x000000070c000000|  0%| F|  |TAMS 0x000000070be00000| PB 0x000000070be00000| Untracked 
|  32|0x000000070c000000, 0x000000070c000000, 0x000000070c200000|  0%| F|  |TAMS 0x000000070c000000| PB 0x000000070c000000| Untracked 
|  33|0x000000070c200000, 0x000000070c200000, 0x000000070c400000|  0%| F|  |TAMS 0x000000070c200000| PB 0x000000070c200000| Untracked 
|  34|0x000000070c400000, 0x000000070c400000, 0x000000070c600000|  0%| F|  |TAMS 0x000000070c400000| PB 0x000000070c400000| Untracked 
|  35|0x000000070c600000, 0x000000070c600000, 0x000000070c800000|  0%| F|  |TAMS 0x000000070c600000| PB 0x000000070c600000| Untracked 
|  36|0x000000070c800000, 0x000000070c800000, 0x000000070ca00000|  0%| F|  |TAMS 0x000000070c800000| PB 0x000000070c800000| Untracked 
|  37|0x000000070ca00000, 0x000000070ca00000, 0x000000070cc00000|  0%| F|  |TAMS 0x000000070ca00000| PB 0x000000070ca00000| Untracked 
|  38|0x000000070cc00000, 0x000000070cc00000, 0x000000070ce00000|  0%| F|  |TAMS 0x000000070cc00000| PB 0x000000070cc00000| Untracked 
|  39|0x000000070ce00000, 0x000000070ce00000, 0x000000070d000000|  0%| F|  |TAMS 0x000000070ce00000| PB 0x000000070ce00000| Untracked 
|  40|0x000000070d000000, 0x000000070d000000, 0x000000070d200000|  0%| F|  |TAMS 0x000000070d000000| PB 0x000000070d000000| Untracked 
|  41|0x000000070d200000, 0x000000070d200000, 0x000000070d400000|  0%| F|  |TAMS 0x000000070d200000| PB 0x000000070d200000| Untracked 
|  42|0x000000070d400000, 0x000000070d400000, 0x000000070d600000|  0%| F|  |TAMS 0x000000070d400000| PB 0x000000070d400000| Untracked 
|  43|0x000000070d600000, 0x000000070d600000, 0x000000070d800000|  0%| F|  |TAMS 0x000000070d600000| PB 0x000000070d600000| Untracked 
|  44|0x000000070d800000, 0x000000070d800000, 0x000000070da00000|  0%| F|  |TAMS 0x000000070d800000| PB 0x000000070d800000| Untracked 
|  45|0x000000070da00000, 0x000000070da00000, 0x000000070dc00000|  0%| F|  |TAMS 0x000000070da00000| PB 0x000000070da00000| Untracked 
|  46|0x000000070dc00000, 0x000000070dc00000, 0x000000070de00000|  0%| F|  |TAMS 0x000000070dc00000| PB 0x000000070dc00000| Untracked 
|  47|0x000000070de00000, 0x000000070de00000, 0x000000070e000000|  0%| F|  |TAMS 0x000000070de00000| PB 0x000000070de00000| Untracked 
|  48|0x000000070e000000, 0x000000070e000000, 0x000000070e200000|  0%| F|  |TAMS 0x000000070e000000| PB 0x000000070e000000| Untracked 
|  49|0x000000070e200000, 0x000000070e200000, 0x000000070e400000|  0%| F|  |TAMS 0x000000070e200000| PB 0x000000070e200000| Untracked 
|  50|0x000000070e400000, 0x000000070e400000, 0x000000070e600000|  0%| F|  |TAMS 0x000000070e400000| PB 0x000000070e400000| Untracked 
|  51|0x000000070e600000, 0x000000070e600000, 0x000000070e800000|  0%| F|  |TAMS 0x000000070e600000| PB 0x000000070e600000| Untracked 
|  52|0x000000070e800000, 0x000000070e800000, 0x000000070ea00000|  0%| F|  |TAMS 0x000000070e800000| PB 0x000000070e800000| Untracked 
|  53|0x000000070ea00000, 0x000000070ea00000, 0x000000070ec00000|  0%| F|  |TAMS 0x000000070ea00000| PB 0x000000070ea00000| Untracked 
|  54|0x000000070ec00000, 0x000000070ec00000, 0x000000070ee00000|  0%| F|  |TAMS 0x000000070ec00000| PB 0x000000070ec00000| Untracked 
|  55|0x000000070ee00000, 0x000000070ee00000, 0x000000070f000000|  0%| F|  |TAMS 0x000000070ee00000| PB 0x000000070ee00000| Untracked 
|  56|0x000000070f000000, 0x000000070f000000, 0x000000070f200000|  0%| F|  |TAMS 0x000000070f000000| PB 0x000000070f000000| Untracked 
|  57|0x000000070f200000, 0x000000070f200000, 0x000000070f400000|  0%| F|  |TAMS 0x000000070f200000| PB 0x000000070f200000| Untracked 
|  58|0x000000070f400000, 0x000000070f400000, 0x000000070f600000|  0%| F|  |TAMS 0x000000070f400000| PB 0x000000070f400000| Untracked 
|  59|0x000000070f600000, 0x000000070f600000, 0x000000070f800000|  0%| F|  |TAMS 0x000000070f600000| PB 0x000000070f600000| Untracked 
|  60|0x000000070f800000, 0x000000070f800000, 0x000000070fa00000|  0%| F|  |TAMS 0x000000070f800000| PB 0x000000070f800000| Untracked 
|  61|0x000000070fa00000, 0x000000070fa00000, 0x000000070fc00000|  0%| F|  |TAMS 0x000000070fa00000| PB 0x000000070fa00000| Untracked 
|  62|0x000000070fc00000, 0x000000070fc00000, 0x000000070fe00000|  0%| F|  |TAMS 0x000000070fc00000| PB 0x000000070fc00000| Untracked 
|  63|0x000000070fe00000, 0x000000070fe00000, 0x0000000710000000|  0%| F|  |TAMS 0x000000070fe00000| PB 0x000000070fe00000| Untracked 
|  64|0x0000000710000000, 0x0000000710000000, 0x0000000710200000|  0%| F|  |TAMS 0x0000000710000000| PB 0x0000000710000000| Untracked 
|  65|0x0000000710200000, 0x0000000710200000, 0x0000000710400000|  0%| F|  |TAMS 0x0000000710200000| PB 0x0000000710200000| Untracked 
|  66|0x0000000710400000, 0x0000000710400000, 0x0000000710600000|  0%| F|  |TAMS 0x0000000710400000| PB 0x0000000710400000| Untracked 
|  67|0x0000000710600000, 0x0000000710600000, 0x0000000710800000|  0%| F|  |TAMS 0x0000000710600000| PB 0x0000000710600000| Untracked 
|  68|0x0000000710800000, 0x0000000710800000, 0x0000000710a00000|  0%| F|  |TAMS 0x0000000710800000| PB 0x0000000710800000| Untracked 
|  69|0x0000000710a00000, 0x0000000710a00000, 0x0000000710c00000|  0%| F|  |TAMS 0x0000000710a00000| PB 0x0000000710a00000| Untracked 
|  70|0x0000000710c00000, 0x0000000710c00000, 0x0000000710e00000|  0%| F|  |TAMS 0x0000000710c00000| PB 0x0000000710c00000| Untracked 
|  71|0x0000000710e00000, 0x0000000710e00000, 0x0000000711000000|  0%| F|  |TAMS 0x0000000710e00000| PB 0x0000000710e00000| Untracked 
|  72|0x0000000711000000, 0x0000000711000000, 0x0000000711200000|  0%| F|  |TAMS 0x0000000711000000| PB 0x0000000711000000| Untracked 
|  73|0x0000000711200000, 0x0000000711200000, 0x0000000711400000|  0%| F|  |TAMS 0x0000000711200000| PB 0x0000000711200000| Untracked 
|  74|0x0000000711400000, 0x0000000711400000, 0x0000000711600000|  0%| F|  |TAMS 0x0000000711400000| PB 0x0000000711400000| Untracked 
|  75|0x0000000711600000, 0x0000000711600000, 0x0000000711800000|  0%| F|  |TAMS 0x0000000711600000| PB 0x0000000711600000| Untracked 
|  76|0x0000000711800000, 0x0000000711800000, 0x0000000711a00000|  0%| F|  |TAMS 0x0000000711800000| PB 0x0000000711800000| Untracked 
|  77|0x0000000711a00000, 0x0000000711a00000, 0x0000000711c00000|  0%| F|  |TAMS 0x0000000711a00000| PB 0x0000000711a00000| Untracked 
|  78|0x0000000711c00000, 0x0000000711c00000, 0x0000000711e00000|  0%| F|  |TAMS 0x0000000711c00000| PB 0x0000000711c00000| Untracked 
|  79|0x0000000711e00000, 0x0000000711e00000, 0x0000000712000000|  0%| F|  |TAMS 0x0000000711e00000| PB 0x0000000711e00000| Untracked 
|  80|0x0000000712000000, 0x0000000712000000, 0x0000000712200000|  0%| F|  |TAMS 0x0000000712000000| PB 0x0000000712000000| Untracked 
|  81|0x0000000712200000, 0x0000000712200000, 0x0000000712400000|  0%| F|  |TAMS 0x0000000712200000| PB 0x0000000712200000| Untracked 
|  82|0x0000000712400000, 0x0000000712400000, 0x0000000712600000|  0%| F|  |TAMS 0x0000000712400000| PB 0x0000000712400000| Untracked 
|  83|0x0000000712600000, 0x0000000712600000, 0x0000000712800000|  0%| F|  |TAMS 0x0000000712600000| PB 0x0000000712600000| Untracked 
|  84|0x0000000712800000, 0x0000000712800000, 0x0000000712a00000|  0%| F|  |TAMS 0x0000000712800000| PB 0x0000000712800000| Untracked 
|  85|0x0000000712a00000, 0x0000000712a00000, 0x0000000712c00000|  0%| F|  |TAMS 0x0000000712a00000| PB 0x0000000712a00000| Untracked 
|  86|0x0000000712c00000, 0x0000000712c00000, 0x0000000712e00000|  0%| F|  |TAMS 0x0000000712c00000| PB 0x0000000712c00000| Untracked 
|  87|0x0000000712e00000, 0x0000000712e00000, 0x0000000713000000|  0%| F|  |TAMS 0x0000000712e00000| PB 0x0000000712e00000| Untracked 
|  88|0x0000000713000000, 0x0000000713000000, 0x0000000713200000|  0%| F|  |TAMS 0x0000000713000000| PB 0x0000000713000000| Untracked 
|  89|0x0000000713200000, 0x0000000713200000, 0x0000000713400000|  0%| F|  |TAMS 0x0000000713200000| PB 0x0000000713200000| Untracked 
|  90|0x0000000713400000, 0x0000000713400000, 0x0000000713600000|  0%| F|  |TAMS 0x0000000713400000| PB 0x0000000713400000| Untracked 
|  91|0x0000000713600000, 0x0000000713600000, 0x0000000713800000|  0%| F|  |TAMS 0x0000000713600000| PB 0x0000000713600000| Untracked 
|  92|0x0000000713800000, 0x0000000713800000, 0x0000000713a00000|  0%| F|  |TAMS 0x0000000713800000| PB 0x0000000713800000| Untracked 
|  93|0x0000000713a00000, 0x0000000713a00000, 0x0000000713c00000|  0%| F|  |TAMS 0x0000000713a00000| PB 0x0000000713a00000| Untracked 
|  94|0x0000000713c00000, 0x0000000713c00000, 0x0000000713e00000|  0%| F|  |TAMS 0x0000000713c00000| PB 0x0000000713c00000| Untracked 
|  95|0x0000000713e00000, 0x0000000713e00000, 0x0000000714000000|  0%| F|  |TAMS 0x0000000713e00000| PB 0x0000000713e00000| Untracked 
|  96|0x0000000714000000, 0x0000000714000000, 0x0000000714200000|  0%| F|  |TAMS 0x0000000714000000| PB 0x0000000714000000| Untracked 
|  97|0x0000000714200000, 0x0000000714200000, 0x0000000714400000|  0%| F|  |TAMS 0x0000000714200000| PB 0x0000000714200000| Untracked 
|  98|0x0000000714400000, 0x0000000714400000, 0x0000000714600000|  0%| F|  |TAMS 0x0000000714400000| PB 0x0000000714400000| Untracked 
|  99|0x0000000714600000, 0x0000000714600000, 0x0000000714800000|  0%| F|  |TAMS 0x0000000714600000| PB 0x0000000714600000| Untracked 
| 100|0x0000000714800000, 0x0000000714800000, 0x0000000714a00000|  0%| F|  |TAMS 0x0000000714800000| PB 0x0000000714800000| Untracked 
| 101|0x0000000714a00000, 0x0000000714a00000, 0x0000000714c00000|  0%| F|  |TAMS 0x0000000714a00000| PB 0x0000000714a00000| Untracked 
| 102|0x0000000714c00000, 0x0000000714c00000, 0x0000000714e00000|  0%| F|  |TAMS 0x0000000714c00000| PB 0x0000000714c00000| Untracked 
| 103|0x0000000714e00000, 0x0000000714e00000, 0x0000000715000000|  0%| F|  |TAMS 0x0000000714e00000| PB 0x0000000714e00000| Untracked 
| 104|0x0000000715000000, 0x0000000715000000, 0x0000000715200000|  0%| F|  |TAMS 0x0000000715000000| PB 0x0000000715000000| Untracked 
| 105|0x0000000715200000, 0x0000000715200000, 0x0000000715400000|  0%| F|  |TAMS 0x0000000715200000| PB 0x0000000715200000| Untracked 
| 106|0x0000000715400000, 0x0000000715400000, 0x0000000715600000|  0%| F|  |TAMS 0x0000000715400000| PB 0x0000000715400000| Untracked 
| 107|0x0000000715600000, 0x0000000715600000, 0x0000000715800000|  0%| F|  |TAMS 0x0000000715600000| PB 0x0000000715600000| Untracked 
| 108|0x0000000715800000, 0x0000000715800000, 0x0000000715a00000|  0%| F|  |TAMS 0x0000000715800000| PB 0x0000000715800000| Untracked 
| 109|0x0000000715a00000, 0x0000000715a00000, 0x0000000715c00000|  0%| F|  |TAMS 0x0000000715a00000| PB 0x0000000715a00000| Untracked 
| 110|0x0000000715c00000, 0x0000000715c00000, 0x0000000715e00000|  0%| F|  |TAMS 0x0000000715c00000| PB 0x0000000715c00000| Untracked 
| 111|0x0000000715e00000, 0x0000000715e00000, 0x0000000716000000|  0%| F|  |TAMS 0x0000000715e00000| PB 0x0000000715e00000| Untracked 
| 112|0x0000000716000000, 0x0000000716000000, 0x0000000716200000|  0%| F|  |TAMS 0x0000000716000000| PB 0x0000000716000000| Untracked 
| 113|0x0000000716200000, 0x0000000716200000, 0x0000000716400000|  0%| F|  |TAMS 0x0000000716200000| PB 0x0000000716200000| Untracked 
| 114|0x0000000716400000, 0x0000000716400000, 0x0000000716600000|  0%| F|  |TAMS 0x0000000716400000| PB 0x0000000716400000| Untracked 
| 115|0x0000000716600000, 0x00000007166e5518, 0x0000000716800000| 44%| E|  |TAMS 0x0000000716600000| PB 0x0000000716600000| Complete 
| 116|0x0000000716800000, 0x0000000716a00000, 0x0000000716a00000|100%| E|CS|TAMS 0x0000000716800000| PB 0x0000000716800000| Complete 
| 117|0x0000000716a00000, 0x0000000716c00000, 0x0000000716c00000|100%| E|CS|TAMS 0x0000000716a00000| PB 0x0000000716a00000| Complete 
| 118|0x0000000716c00000, 0x0000000716e00000, 0x0000000716e00000|100%| E|CS|TAMS 0x0000000716c00000| PB 0x0000000716c00000| Complete 
| 119|0x0000000716e00000, 0x0000000717000000, 0x0000000717000000|100%| E|CS|TAMS 0x0000000716e00000| PB 0x0000000716e00000| Complete 
| 120|0x0000000717000000, 0x0000000717200000, 0x0000000717200000|100%| E|  |TAMS 0x0000000717000000| PB 0x0000000717000000| Complete 
| 121|0x0000000717200000, 0x0000000717400000, 0x0000000717400000|100%| E|CS|TAMS 0x0000000717200000| PB 0x0000000717200000| Complete 
| 122|0x0000000717400000, 0x0000000717600000, 0x0000000717600000|100%| E|CS|TAMS 0x0000000717400000| PB 0x0000000717400000| Complete 
| 123|0x0000000717600000, 0x0000000717800000, 0x0000000717800000|100%| E|CS|TAMS 0x0000000717600000| PB 0x0000000717600000| Complete 
|1983|0x00000007ffe00000, 0x00000007fff0c708, 0x0000000800000000| 52%| O|  |TAMS 0x00000007ffe00000| PB 0x00000007ffe00000| Untracked 

Card table byte_map: [0x00007f5fbcd94000,0x00007f5fbd554000] _byte_map_base: 0x00007f5fb9554000

Marking Bits: (CMBitMap*) 0x00007f5fb8084ac0
 Bits: [0x00007f5f9cbf0000, 0x00007f5fa09f0000)

Polling page: 0x00007f5fc1229000

Metaspace:

Usage:
  Non-class:      5.38 MB used.
      Class:    388.27 KB used.
       Both:      5.76 MB used.

Virtual space:
  Non-class space:       64.00 MB reserved,       5.50 MB (  9%) committed,  1 nodes.
      Class space:        1.00 GB reserved,     512.00 KB ( <1%) committed,  1 nodes.
             Both:        1.06 GB reserved,       6.00 MB ( <1%) committed. 

Chunk freelists:
   Non-Class:  8.61 MB
       Class:  15.48 MB
        Both:  24.09 MB

MaxMetaspaceSize: unlimited
CompressedClassSpaceSize: 1.00 GB
Initial GC threshold: 21.00 MB
Current GC threshold: 21.00 MB
CDS: on
 - commit_granule_bytes: 65536.
 - commit_granule_words: 8192.
 - virtual_space_node_default_size: 8388608.
 - enlarge_chunks_in_place: 1.
 - use_allocation_guard: 0.


Internal statistics:

num_allocs_failed_limit: 0.
num_arena_births: 70.
num_arena_deaths: 0.
num_vsnodes_births: 2.
num_vsnodes_deaths: 0.
num_space_committed: 94.
num_space_uncommitted: 0.
num_chunks_returned_to_freelist: 0.
num_chunks_taken_from_freelist: 234.
num_chunk_merges: 0.
num_chunk_splits: 155.
num_chunks_enlarged: 116.
num_inconsistent_stats: 0.

CodeHeap 'non-profiled nmethods': size=118880Kb used=312Kb max_used=312Kb free=118567Kb
 bounds [0x00007f5fa85d8000, 0x00007f5fa8848000, 0x00007f5faf9f0000]
CodeHeap 'profiled nmethods': size=118876Kb used=2048Kb max_used=2048Kb free=116827Kb
 bounds [0x00007f5fa09f0000, 0x00007f5fa0c60000, 0x00007f5fa7e07000]
CodeHeap 'non-nmethods': size=8004Kb used=2085Kb max_used=3135Kb free=5918Kb
 bounds [0x00007f5fa7e07000, 0x00007f5fa8127000, 0x00007f5fa85d8000]
 total_blobs=2322 nmethods=1229 adapters=999
 compilation: enabled
              stopped_count=0, restarted_count=0
 full_count=0

Compilation events (20 events):
Event: 5.553 Thread 0x00007f5f1401ba00 1223       3       com.badlogic.gdx.graphics.glutils.IndexArray::getBuffer (5 bytes)
Event: 5.553 Thread 0x00007f5fb81ab4d0 1225       3       com.badlogic.gdx.graphics.VertexAttributes::size (6 bytes)
Event: 5.553 Thread 0x00007f5f1401ba00 nmethod 1223 0x00007f5fa0bef010 code [0x00007f5fa0bef1a0, 0x00007f5fa0bef2a8]
Event: 5.553 Thread 0x00007f5f1401ba00 1208       1       dk.ee.zg.common.map.data.Entity::getPosition (5 bytes)
Event: 5.553 Thread 0x00007f5fb81ab4d0 nmethod 1225 0x00007f5fa0bef310 code [0x00007f5fa0bef4a0, 0x00007f5fa0bef5b0]
Event: 5.553 Thread 0x00007f5f1401ba00 nmethod 1208 0x00007f5fa8625110 code [0x00007f5fa86252a0, 0x00007f5fa8625368]
Event: 5.553 Thread 0x00007f5f1401ba00 1210       1       dk.ee.zg.common.map.data.Entity::setPosition (6 bytes)
Event: 5.553 Thread 0x00007f5fb81ab4d0 1209       1       dk.ee.zg.Player::getMoveSpeed (5 bytes)
Event: 5.553 Thread 0x00007f5fb81ab4d0 nmethod 1209 0x00007f5fa8625410 code [0x00007f5fa86255a0, 0x00007f5fa8625660]
Event: 5.553 Thread 0x00007f5f1401ba00 nmethod 1210 0x00007f5fa8625710 code [0x00007f5fa86258a0, 0x00007f5fa86259b0]
Event: 5.553 Thread 0x00007f5f1401ba00 1212       1       java.nio.DirectFloatBufferU::isReadOnly (2 bytes)
Event: 5.553 Thread 0x00007f5fb81ab4d0 1213       1       java.nio.DirectFloatBufferU::base (2 bytes)
Event: 5.553 Thread 0x00007f5f1401ba00 nmethod 1212 0x00007f5fa8625a10 code [0x00007f5fa8625ba0, 0x00007f5fa8625c60]
Event: 5.553 Thread 0x00007f5fb81ab4d0 nmethod 1213 0x00007f5fa8625d10 code [0x00007f5fa8625ea0, 0x00007f5fa8625f68]
Event: 5.558 Thread 0x00007f5f1401ba00 1227       3       com.badlogic.gdx.utils.Array::addAll (14 bytes)
Event: 5.558 Thread 0x00007f5fb81ab4d0 1228       3       com.badlogic.gdx.utils.Array::addAll (66 bytes)
Event: 5.559 Thread 0x00007f5f1401ba00 nmethod 1227 0x00007f5fa0bef690 code [0x00007f5fa0bef840, 0x00007f5fa0bef9a8]
Event: 5.559 Thread 0x00007f5fb81ab4d0 nmethod 1228 0x00007f5fa0befa90 code [0x00007f5fa0befc80, 0x00007f5fa0bf0160]
Event: 5.575 Thread 0x00007f5f1401ba00 1229       1       com.badlogic.gdx.backends.lwjgl3.Lwjgl3Graphics::isContinuousRendering (5 bytes)
Event: 5.575 Thread 0x00007f5f1401ba00 nmethod 1229 0x00007f5fa8626010 code [0x00007f5fa86261a0, 0x00007f5fa8626268]

GC Heap History (0 events):
No events

Dll operation events (9 events):
Event: 0.010 Loaded shared library /usr/lib/jvm/java-21-openjdk-amd64/lib/libjava.so
Event: 0.025 Loaded shared library /usr/lib/jvm/java-21-openjdk-amd64/lib/libjsvml.so
Event: 0.037 Loaded shared library /usr/lib/jvm/java-21-openjdk-amd64/lib/libnio.so
Event: 0.040 Loaded shared library /usr/lib/jvm/java-21-openjdk-amd64/lib/libzip.so
Event: 0.081 Loaded shared library /usr/lib/jvm/java-21-openjdk-amd64/lib/libjimage.so
Event: 0.091 Loaded shared library /tmp/libgdxvictorbp/cb4a381b/libgdx64.so
Event: 0.134 Loaded shared library /usr/lib/jvm/java-21-openjdk-amd64/lib/libnet.so
Event: 0.146 Loaded shared library /tmp/lwjgl_victorbp/3.3.4-snapshot/x64/liblwjgl.so
Event: 0.962 Loaded shared library /tmp/lwjgl_victorbp/3.3.4-snapshot/x64/liblwjgl_opengl.so

Deoptimization events (20 events):
Event: 0.068 Thread 0x00007f5fb8019690 DEOPT PACKING pc=0x00007f5fa09f4f8d sp=0x00007f5fbf73e290
Event: 0.068 Thread 0x00007f5fb8019690 DEOPT UNPACKING pc=0x00007f5fa7e5b72f sp=0x00007f5fbf73d728 mode 0
Event: 0.111 Thread 0x00007f5fb8019690 DEOPT PACKING pc=0x00007f5fa09f544d sp=0x00007f5fbf739c90
Event: 0.111 Thread 0x00007f5fb8019690 DEOPT UNPACKING pc=0x00007f5fa7e5b72f sp=0x00007f5fbf739138 mode 0
Event: 0.959 Thread 0x00007f5fb8019690 DEOPT PACKING pc=0x00007f5fa0a05f48 sp=0x00007f5fbf73f620
Event: 0.959 Thread 0x00007f5fb8019690 DEOPT UNPACKING pc=0x00007f5fa7e5b72f sp=0x00007f5fbf73ea60 mode 0
Event: 0.967 Thread 0x00007f5fb8019690 Uncommon trap: trap_request=0xffffff54 fr.pc=0x00007f5fa8605e70 relative=0x0000000000000070
Event: 0.967 Thread 0x00007f5fb8019690 Uncommon trap: reason=speculate_null_assert action=make_not_entrant pc=0x00007f5fa8605e70 method=sun.misc.Unsafe.putLong(Ljava/lang/Object;JJ)V @ 7 c2
Event: 0.967 Thread 0x00007f5fb8019690 DEOPT PACKING pc=0x00007f5fa8605e70 sp=0x00007f5fbf740270
Event: 0.967 Thread 0x00007f5fb8019690 DEOPT UNPACKING pc=0x00007f5fa7e5af99 sp=0x00007f5fbf740208 mode 2
Event: 1.041 Thread 0x00007f5fb8019690 Uncommon trap: trap_request=0xffffff5c fr.pc=0x00007f5fa8607264 relative=0x0000000000000064
Event: 1.041 Thread 0x00007f5fb8019690 Uncommon trap: reason=speculate_null_check action=make_not_entrant pc=0x00007f5fa8607264 method=sun.misc.Unsafe.getLong(Ljava/lang/Object;J)J @ 5 c2
Event: 1.041 Thread 0x00007f5fb8019690 DEOPT PACKING pc=0x00007f5fa8607264 sp=0x00007f5fbf7401f0
Event: 1.041 Thread 0x00007f5fb8019690 DEOPT UNPACKING pc=0x00007f5fa7e5af99 sp=0x00007f5fbf740188 mode 2
Event: 1.129 Thread 0x00007f5fb8019690 DEOPT PACKING pc=0x00007f5fa0a00449 sp=0x00007f5fbf73c230
Event: 1.129 Thread 0x00007f5fb8019690 DEOPT UNPACKING pc=0x00007f5fa7e5b72f sp=0x00007f5fbf73b6b8 mode 0
Event: 2.774 Thread 0x00007f5fb8019690 DEOPT PACKING pc=0x00007f5fa0b7ce42 sp=0x00007f5fbf740690
Event: 2.774 Thread 0x00007f5fb8019690 DEOPT UNPACKING pc=0x00007f5fa7e5b72f sp=0x00007f5fbf73fbf8 mode 0
Event: 3.541 Thread 0x00007f5fb8019690 DEOPT PACKING pc=0x00007f5fa0a49e26 sp=0x00007f5fbf73fdd0
Event: 3.541 Thread 0x00007f5fb8019690 DEOPT UNPACKING pc=0x00007f5fa7e5b72f sp=0x00007f5fbf73f240 mode 0

Classes loaded (20 events):
Event: 1.213 Loading class java/io/InputStreamReader
Event: 1.213 Loading class java/io/InputStreamReader done
Event: 1.213 Loading class sun/nio/cs/StreamDecoder
Event: 1.213 Loading class sun/nio/cs/StreamDecoder done
Event: 1.254 Loading class java/util/UUID
Event: 1.254 Loading class java/util/UUID done
Event: 1.254 Loading class java/util/UUID$Holder
Event: 1.254 Loading class java/util/UUID$Holder done
Event: 1.254 Loading class java/security/SecureRandom
Event: 1.254 Loading class java/security/SecureRandom done
Event: 1.254 Loading class java/util/AbstractList$Itr
Event: 1.254 Loading class java/util/AbstractList$Itr done
Event: 1.255 Loading class sun/security/provider/SecureRandom
Event: 1.255 Loading class sun/security/provider/SecureRandom done
Event: 1.258 Loading class java/io/UnsupportedEncodingException
Event: 1.258 Loading class java/io/UnsupportedEncodingException done
Event: 1.350 Loading class jdk/internal/event/ThreadSleepEvent
Event: 1.351 Loading class jdk/internal/event/ThreadSleepEvent done
Event: 5.543 Loading class java/lang/invoke/MethodHandle$1
Event: 5.552 Loading class java/lang/invoke/MethodHandle$1 done

Classes unloaded (0 events):
No events

Classes redefined (0 events):
No events

Internal exceptions (20 events):
Event: 0.130 Thread 0x00007f5fb8019690 Exception <a 'sun/nio/fs/UnixException'{0x00000007175d5110}> (0x00000007175d5110) 
thrown [./src/hotspot/share/prims/jni.cpp, line 520]
Event: 0.139 Thread 0x00007f5fb8019690 Exception <a 'sun/nio/fs/UnixException'{0x00000007175f2148}> (0x00000007175f2148) 
thrown [./src/hotspot/share/prims/jni.cpp, line 520]
Event: 0.139 Thread 0x00007f5fb8019690 Exception <a 'sun/nio/fs/UnixException'{0x00000007175f5a38}> (0x00000007175f5a38) 
thrown [./src/hotspot/share/prims/jni.cpp, line 520]
Event: 0.194 Thread 0x00007f5fb8019690 Exception <a 'java/lang/NoSuchMethodError'{0x00000007172ecf88}: 'int java.lang.invoke.DirectMethodHandle$Holder.invokeStaticInit(java.lang.Object, java.lang.Object, int, long)'> (0x00000007172ecf88) 
thrown [./src/hotspot/share/interpreter/linkResolver.cpp, line 772]
Event: 0.195 Thread 0x00007f5fb8019690 Exception <a 'java/lang/NoSuchMethodError'{0x00000007172f20b0}: 'java.lang.Object java.lang.invoke.DirectMethodHandle$Holder.newInvokeSpecial(java.lang.Object, java.lang.Object, int)'> (0x00000007172f20b0) 
thrown [./src/hotspot/share/interpreter/linkResolver.cpp, line 772]
Event: 0.197 Thread 0x00007f5fb8019690 Exception <a 'java/lang/NoSuchMethodError'{0x0000000717300048}: 'int java.lang.invoke.DirectMethodHandle$Holder.invokeStaticInit(java.lang.Object, java.lang.Object, long, long)'> (0x0000000717300048) 
thrown [./src/hotspot/share/interpreter/linkResolver.cpp, line 772]
Event: 0.197 Thread 0x00007f5fb8019690 Exception <a 'java/lang/NoSuchMethodError'{0x0000000717305af0}: 'java.lang.Object java.lang.invoke.DirectMethodHandle$Holder.newInvokeSpecial(java.lang.Object, java.lang.Object, long)'> (0x0000000717305af0) 
thrown [./src/hotspot/share/interpreter/linkResolver.cpp, line 772]
Event: 0.198 Thread 0x00007f5fb8019690 Exception <a 'java/lang/NoSuchMethodError'{0x00000007173099a8}: 'java.lang.Object java.lang.invoke.Invokers$Holder.linkToTargetMethod(java.lang.Object, long, java.lang.Object)'> (0x00000007173099a8) 
thrown [./src/hotspot/share/interpreter/linkResolver.cpp, line 772]
Event: 0.198 Thread 0x00007f5fb8019690 Exception <a 'java/lang/NoSuchMethodError'{0x0000000717310bf0}: 'int java.lang.invoke.DirectMethodHandle$Holder.invokeStaticInit(java.lang.Object, java.lang.Object, java.lang.Object, long)'> (0x0000000717310bf0) 
thrown [./src/hotspot/share/interpreter/linkResolver.cpp, line 772]
Event: 0.208 Thread 0x00007f5fb8019690 Exception <a 'sun/nio/fs/UnixException'{0x000000071735a0d0}> (0x000000071735a0d0) 
thrown [./src/hotspot/share/prims/jni.cpp, line 520]
Event: 0.209 Thread 0x00007f5fb8019690 Exception <a 'sun/nio/fs/UnixException'{0x000000071735d648}> (0x000000071735d648) 
thrown [./src/hotspot/share/prims/jni.cpp, line 520]
Event: 0.232 Thread 0x00007f5fb8019690 Exception <a 'sun/nio/fs/UnixException'{0x00000007173e2870}> (0x00000007173e2870) 
thrown [./src/hotspot/share/prims/jni.cpp, line 520]
Event: 0.232 Thread 0x00007f5fb8019690 Exception <a 'sun/nio/fs/UnixException'{0x00000007173e5de0}> (0x00000007173e5de0) 
thrown [./src/hotspot/share/prims/jni.cpp, line 520]
Event: 0.241 Thread 0x00007f5fb8019690 Exception <a 'java/lang/NoSuchMethodError'{0x00000007173f04c0}: 'int java.lang.invoke.Invokers$Holder.invokeExact_MT(java.lang.Object, java.lang.Object)'> (0x00000007173f04c0) 
thrown [./src/hotspot/share/interpreter/linkResolver.cpp, line 772]
Event: 0.270 Thread 0x00007f5fb8019690 Exception <a 'sun/nio/fs/UnixException'{0x0000000717092288}> (0x0000000717092288) 
thrown [./src/hotspot/share/prims/jni.cpp, line 520]
Event: 0.270 Thread 0x00007f5fb8019690 Exception <a 'sun/nio/fs/UnixException'{0x00000007170957f8}> (0x00000007170957f8) 
thrown [./src/hotspot/share/prims/jni.cpp, line 520]
Event: 0.958 Thread 0x00007f5fb8019690 Exception <a 'java/lang/NoSuchMethodError'{0x000000071714d850}: 'void java.lang.System.load(java.lang.String, java.lang.Class)'> (0x000000071714d850) 
thrown [./src/hotspot/share/interpreter/linkResolver.cpp, line 772]
Event: 0.958 Thread 0x00007f5fb8019690 Exception <a 'java/lang/NoSuchMethodError'{0x00000007171502c0}: 'void java.lang.System.loadLibrary(java.lang.String, java.lang.Class)'> (0x00000007171502c0) 
thrown [./src/hotspot/share/interpreter/linkResolver.cpp, line 772]
Event: 0.959 Thread 0x00007f5fb8019690 Exception <a 'sun/nio/fs/UnixException'{0x0000000717153520}> (0x0000000717153520) 
thrown [./src/hotspot/share/prims/jni.cpp, line 520]
Event: 0.959 Thread 0x00007f5fb8019690 Exception <a 'sun/nio/fs/UnixException'{0x0000000717156a98}> (0x0000000717156a98) 
thrown [./src/hotspot/share/prims/jni.cpp, line 520]

ZGC Phase Switch (0 events):
No events

VM Operations (12 events):
Event: 1.021 Executing VM operation: Cleanup
Event: 1.040 Executing VM operation: Cleanup done
Event: 2.040 Executing VM operation: Cleanup
Event: 2.040 Executing VM operation: Cleanup done
Event: 3.040 Executing VM operation: Cleanup
Event: 3.040 Executing VM operation: Cleanup done
Event: 4.040 Executing VM operation: Cleanup
Event: 4.040 Executing VM operation: Cleanup done
Event: 5.040 Executing VM operation: Cleanup
Event: 5.040 Executing VM operation: Cleanup done
Event: 6.041 Executing VM operation: Cleanup
Event: 6.041 Executing VM operation: Cleanup done

Memory protections (14 events):
Event: 0.010 Protecting memory [0x00007f5fbf642000,0x00007f5fbf646000] with protection modes 0
Event: 0.023 Protecting memory [0x00007f5f8d7a2000,0x00007f5f8d7a6000] with protection modes 0
Event: 0.023 Protecting memory [0x00007f5f8d6a1000,0x00007f5f8d6a5000] with protection modes 0
Event: 0.024 Protecting memory [0x00007f5f8d5a0000,0x00007f5f8d5a4000] with protection modes 0
Event: 0.024 Protecting memory [0x00007f5f8d49f000,0x00007f5f8d4a3000] with protection modes 0
Event: 0.024 Protecting memory [0x00007f5f8d39e000,0x00007f5f8d3a2000] with protection modes 0
Event: 0.024 Protecting memory [0x00007f5f8d29d000,0x00007f5f8d2a1000] with protection modes 0
Event: 0.024 Protecting memory [0x00007f5f8d19c000,0x00007f5f8d1a0000] with protection modes 0
Event: 0.034 Protecting memory [0x00007f5f8cfca000,0x00007f5f8cfce000] with protection modes 0
Event: 0.036 Protecting memory [0x00007f5f8cec9000,0x00007f5f8cecd000] with protection modes 0
Event: 0.050 Protecting memory [0x00007f5f8cd97000,0x00007f5f8cd9b000] with protection modes 0
Event: 0.190 Protecting memory [0x00007f5f8c900000,0x00007f5f8c904000] with protection modes 0
Event: 0.276 Protecting memory [0x00007f5f8c100000,0x00007f5f8c104000] with protection modes 0
Event: 12.669 Protecting memory [0x00007f5fbf642000,0x00007f5fbf646000] with protection modes 0

Nmethod flushes (0 events):
No events

Events (20 events):
Event: 0.018 Thread 0x00007f5fb8019690 Thread added: 0x00007f5fb8019690
Event: 0.023 Thread 0x00007f5fb8019690 Thread added: 0x00007f5fb81a2940
Event: 0.023 Thread 0x00007f5fb8019690 Thread added: 0x00007f5fb81a3fc0
Event: 0.023 Thread 0x00007f5fb8019690 Thread added: 0x00007f5fb81a5750
Event: 0.024 Thread 0x00007f5fb8019690 Thread added: 0x00007f5fb81a6d80
Event: 0.024 Thread 0x00007f5fb8019690 Thread added: 0x00007f5fb81a8310
Event: 0.024 Thread 0x00007f5fb8019690 Thread added: 0x00007f5fb81a9e20
Event: 0.024 Thread 0x00007f5fb8019690 Thread added: 0x00007f5fb81ab4d0
Event: 0.034 Thread 0x00007f5fb8019690 Thread added: 0x00007f5fb81b7760
Event: 0.036 Thread 0x00007f5fb8019690 Thread added: 0x00007f5fb81bae90
Event: 0.050 Thread 0x00007f5fb81ab4d0 Thread added: 0x00007f5f1401ba00
Event: 0.190 Thread 0x00007f5fb81a9e20 Thread added: 0x00007f5f20117f10
Event: 0.276 Thread 0x00007f5f1401ba00 Thread added: 0x00007f5f100a7f90
Event: 0.958 Thread 0x00007f5f100a7f90 Thread exited: 0x00007f5f100a7f90
Event: 0.958 Thread 0x00007f5f20117f10 Thread exited: 0x00007f5f20117f10
Event: 10.575 Thread 0x00007f5f1401ba00 Thread exited: 0x00007f5f1401ba00
Event: 12.669 Thread 0x00007f5fb8019690 Thread exited: 0x00007f5fb8019690
Event: 12.669 Thread 0x00007f5fb8019690 Thread added: 0x00007f5fb8019690
Event: 12.669 Thread 0x00007f5fb8019690 Before exit entered
Event: 12.669 Thread 0x00007f5fb8019690 Thread exited: 0x00007f5fb8019690


Dynamic libraries:
708000000-717800000 rw-p 00000000 00:00 0 
717800000-7ffe00000 ---p 00000000 00:00 0 
7ffe00000-7fff0d000 rw-p 00cd6000 08:20 21824                            /usr/lib/jvm/java-21-openjdk-amd64/lib/server/classes.jsa
7fff0d000-800000000 rw-p 00000000 00:00 0 
556f786cc000-556f786cd000 r--p 00000000 08:20 18270                      /usr/lib/jvm/java-21-openjdk-amd64/bin/java
556f786cd000-556f786ce000 r-xp 00001000 08:20 18270                      /usr/lib/jvm/java-21-openjdk-amd64/bin/java
556f786ce000-556f786cf000 r--p 00002000 08:20 18270                      /usr/lib/jvm/java-21-openjdk-amd64/bin/java
556f786cf000-556f786d0000 r--p 00002000 08:20 18270                      /usr/lib/jvm/java-21-openjdk-amd64/bin/java
556f786d0000-556f786d1000 rw-p 00003000 08:20 18270                      /usr/lib/jvm/java-21-openjdk-amd64/bin/java
556fa6177000-556fa61be000 rw-p 00000000 00:00 0                          [heap]
7f5ee8000000-7f5ee8021000 rw-p 00000000 00:00 0 
7f5ee8021000-7f5eec000000 ---p 00000000 00:00 0 
7f5eec25c000-7f5eec275000 r--p 00000000 08:20 21515                      /usr/lib/x86_64-linux-gnu/libX11.so.6.4.0
7f5eec275000-7f5eec301000 r-xp 00019000 08:20 21515                      /usr/lib/x86_64-linux-gnu/libX11.so.6.4.0
7f5eec301000-7f5eec396000 r--p 000a5000 08:20 21515                      /usr/lib/x86_64-linux-gnu/libX11.so.6.4.0
7f5eec396000-7f5eec397000 ---p 0013a000 08:20 21515                      /usr/lib/x86_64-linux-gnu/libX11.so.6.4.0
7f5eec397000-7f5eec398000 r--p 0013a000 08:20 21515                      /usr/lib/x86_64-linux-gnu/libX11.so.6.4.0
7f5eec398000-7f5eec39c000 rw-p 0013b000 08:20 21515                      /usr/lib/x86_64-linux-gnu/libX11.so.6.4.0
7f5eec39c000-7f5eec39f000 r--p 00000000 08:20 31596                      /usr/lib/x86_64-linux-gnu/libGLX.so.0.0.0
7f5eec39f000-7f5eec3ba000 r-xp 00003000 08:20 31596                      /usr/lib/x86_64-linux-gnu/libGLX.so.0.0.0
7f5eec3ba000-7f5eec3bd000 r--p 0001e000 08:20 31596                      /usr/lib/x86_64-linux-gnu/libGLX.so.0.0.0
7f5eec3bd000-7f5eec3be000 ---p 00021000 08:20 31596                      /usr/lib/x86_64-linux-gnu/libGLX.so.0.0.0
7f5eec3be000-7f5eec3bf000 r--p 00021000 08:20 31596                      /usr/lib/x86_64-linux-gnu/libGLX.so.0.0.0
7f5eec3bf000-7f5eec3c0000 rw-p 00022000 08:20 31596                      /usr/lib/x86_64-linux-gnu/libGLX.so.0.0.0
7f5eec3c0000-7f5eec3d0000 rw-p 00000000 00:00 0 
7f5eec3d0000-7f5eec403000 r--p 00000000 08:20 24866                      /tmp/lwjgl_victorbp/3.3.4-snapshot/x64/liblwjgl_opengl.so
7f5eec403000-7f5eec417000 r-xp 00033000 08:20 24866                      /tmp/lwjgl_victorbp/3.3.4-snapshot/x64/liblwjgl_opengl.so
7f5eec417000-7f5eec427000 r--p 00047000 08:20 24866                      /tmp/lwjgl_victorbp/3.3.4-snapshot/x64/liblwjgl_opengl.so
7f5eec427000-7f5eec428000 r--p 00056000 08:20 24866                      /tmp/lwjgl_victorbp/3.3.4-snapshot/x64/liblwjgl_opengl.so
7f5eec428000-7f5eec429000 rw-p 00057000 08:20 24866                      /tmp/lwjgl_victorbp/3.3.4-snapshot/x64/liblwjgl_opengl.so
7f5eee7fd000-7f5eee7fe000 ---p 00000000 00:00 0 
7f5eee7fe000-7f5eeeffe000 rw-p 00000000 00:00 0 
7f5eeeffe000-7f5eeefff000 ---p 00000000 00:00 0 
7f5eeefff000-7f5eef7ff000 rw-p 00000000 00:00 0 
7f5eef7ff000-7f5eef800000 ---p 00000000 00:00 0 
7f5eef800000-7f5ef0000000 rw-p 00000000 00:00 0 
7f5ef0000000-7f5ef0021000 rw-p 00000000 00:00 0 
7f5ef0021000-7f5ef4000000 ---p 00000000 00:00 0 
7f5ef5566000-7f5ef5567000 ---p 00000000 00:00 0 
7f5ef5567000-7f5ef5d67000 rw-p 00000000 00:00 0 
7f5efb3f0000-7f5efb3f1000 r--p 00000000 08:20 6632                       /usr/lib/x86_64-linux-gnu/libicudata.so.70.1
7f5efb3f1000-7f5efb3f2000 r-xp 00001000 08:20 6632                       /usr/lib/x86_64-linux-gnu/libicudata.so.70.1
7f5efb3f2000-7f5efd00c000 r--p 00002000 08:20 6632                       /usr/lib/x86_64-linux-gnu/libicudata.so.70.1
7f5efd00c000-7f5efd00d000 r--p 01c1b000 08:20 6632                       /usr/lib/x86_64-linux-gnu/libicudata.so.70.1
7f5efd00d000-7f5efd00e000 rw-p 01c1c000 08:20 6632                       /usr/lib/x86_64-linux-gnu/libicudata.so.70.1
7f5efd00e000-7f5f03720000 r-xp 00000000 08:20 31517                      /usr/lib/x86_64-linux-gnu/libLLVM-15.so.1
7f5f03720000-7f5f03f3e000 r--p 06711000 08:20 31517                      /usr/lib/x86_64-linux-gnu/libLLVM-15.so.1
7f5f03f3e000-7f5f03f84000 rw-p 06f2f000 08:20 31517                      /usr/lib/x86_64-linux-gnu/libLLVM-15.so.1
7f5f03f84000-7f5f04000000 rw-p 00000000 00:00 0 
7f5f04000000-7f5f0403f000 rw-p 00000000 00:00 0 
7f5f0403f000-7f5f08000000 ---p 00000000 00:00 0 
7f5f08000000-7f5f08021000 rw-p 00000000 00:00 0 
7f5f08021000-7f5f0c000000 ---p 00000000 00:00 0 
7f5f0c000000-7f5f0c021000 rw-p 00000000 00:00 0 
7f5f0c021000-7f5f10000000 ---p 00000000 00:00 0 
7f5f10000000-7f5f100ba000 rw-p 00000000 00:00 0 
7f5f100ba000-7f5f14000000 ---p 00000000 00:00 0 
7f5f14000000-7f5f1413d000 rw-p 00000000 00:00 0 
7f5f1413d000-7f5f18000000 ---p 00000000 00:00 0 
7f5f18000000-7f5f18021000 rw-p 00000000 00:00 0 
7f5f18021000-7f5f1c000000 ---p 00000000 00:00 0 
7f5f1c000000-7f5f1c021000 rw-p 00000000 00:00 0 
7f5f1c021000-7f5f20000000 ---p 00000000 00:00 0 
7f5f20000000-7f5f20277000 rw-p 00000000 00:00 0 
7f5f20277000-7f5f24000000 ---p 00000000 00:00 0 
7f5f24000000-7f5f24021000 rw-p 00000000 00:00 0 
7f5f24021000-7f5f28000000 ---p 00000000 00:00 0 
7f5f28000000-7f5f28021000 rw-p 00000000 00:00 0 
7f5f28021000-7f5f2c000000 ---p 00000000 00:00 0 
7f5f2c000000-7f5f2c021000 rw-p 00000000 00:00 0 
7f5f2c021000-7f5f30000000 ---p 00000000 00:00 0 
7f5f30000000-7f5f30021000 rw-p 00000000 00:00 0 
7f5f30021000-7f5f34000000 ---p 00000000 00:00 0 
7f5f34000000-7f5f34021000 rw-p 00000000 00:00 0 
7f5f34021000-7f5f38000000 ---p 00000000 00:00 0 
7f5f3800b000-7f5f3806e000 r--p 00000000 00:22 8444249302294241           /usr/lib/wsl/lib/libdxcore.so
7f5f3806e000-7f5f380eb000 r-xp 00062000 00:22 8444249302294241           /usr/lib/wsl/lib/libdxcore.so
7f5f380eb000-7f5f380f3000 r--p 000de000 00:22 8444249302294241           /usr/lib/wsl/lib/libdxcore.so
7f5f380f3000-7f5f380f4000 rw-p 000e5000 00:22 8444249302294241           /usr/lib/wsl/lib/libdxcore.so
7f5f380f4000-7f5f380f8000 rw-p 00000000 00:00 0 
7f5f381c3000-7f5f381c6000 r--p 00000000 08:20 6680                       /usr/lib/x86_64-linux-gnu/liblzma.so.5.2.5
7f5f381c6000-7f5f381e1000 r-xp 00003000 08:20 6680                       /usr/lib/x86_64-linux-gnu/liblzma.so.5.2.5
7f5f381e1000-7f5f381ec000 r--p 0001e000 08:20 6680                       /usr/lib/x86_64-linux-gnu/liblzma.so.5.2.5
7f5f381ec000-7f5f381ed000 r--p 00028000 08:20 6680                       /usr/lib/x86_64-linux-gnu/liblzma.so.5.2.5
7f5f381ed000-7f5f381ee000 rw-p 00029000 08:20 6680                       /usr/lib/x86_64-linux-gnu/liblzma.so.5.2.5
7f5f381ee000-7f5f38254000 r--p 00000000 08:20 6642                       /usr/lib/x86_64-linux-gnu/libicuuc.so.70.1
7f5f38254000-7f5f38347000 r-xp 00066000 08:20 6642                       /usr/lib/x86_64-linux-gnu/libicuuc.so.70.1
7f5f38347000-7f5f383d3000 r--p 00159000 08:20 6642                       /usr/lib/x86_64-linux-gnu/libicuuc.so.70.1
7f5f383d3000-7f5f383e6000 r--p 001e4000 08:20 6642                       /usr/lib/x86_64-linux-gnu/libicuuc.so.70.1
7f5f383e6000-7f5f383e7000 rw-p 001f7000 08:20 6642                       /usr/lib/x86_64-linux-gnu/libicuuc.so.70.1
7f5f383e7000-7f5f383e9000 rw-p 00000000 00:00 0 
7f5f383f4000-7f5f38423000 r--p 00000000 08:20 86684                      /usr/lib/x86_64-linux-gnu/libxml2.so.2.9.13
7f5f38423000-7f5f38576000 r-xp 0002f000 08:20 86684                      /usr/lib/x86_64-linux-gnu/libxml2.so.2.9.13
7f5f38576000-7f5f385ca000 r--p 00182000 08:20 86684                      /usr/lib/x86_64-linux-gnu/libxml2.so.2.9.13
7f5f385ca000-7f5f385cb000 ---p 001d6000 08:20 86684                      /usr/lib/x86_64-linux-gnu/libxml2.so.2.9.13
7f5f385cb000-7f5f385d4000 r--p 001d6000 08:20 86684                      /usr/lib/x86_64-linux-gnu/libxml2.so.2.9.13
7f5f385d4000-7f5f385d5000 rw-p 001df000 08:20 86684                      /usr/lib/x86_64-linux-gnu/libxml2.so.2.9.13
7f5f385d5000-7f5f385d6000 rw-p 00000000 00:00 0 
7f5f385d6000-7f5f385e4000 r--p 00000000 08:20 27981                      /usr/lib/x86_64-linux-gnu/libtinfo.so.6.3
7f5f385e4000-7f5f385f5000 r-xp 0000e000 08:20 27981                      /usr/lib/x86_64-linux-gnu/libtinfo.so.6.3
7f5f385f5000-7f5f38603000 r--p 0001f000 08:20 27981                      /usr/lib/x86_64-linux-gnu/libtinfo.so.6.3
7f5f38603000-7f5f38607000 r--p 0002c000 08:20 27981                      /usr/lib/x86_64-linux-gnu/libtinfo.so.6.3
7f5f38607000-7f5f38608000 rw-p 00030000 08:20 27981                      /usr/lib/x86_64-linux-gnu/libtinfo.so.6.3
7f5f38608000-7f5f38610000 r--p 00000000 08:20 6562                       /usr/lib/x86_64-linux-gnu/libedit.so.2.0.68
7f5f38610000-7f5f3862e000 r-xp 00008000 08:20 6562                       /usr/lib/x86_64-linux-gnu/libedit.so.2.0.68
7f5f3862e000-7f5f3863b000 r--p 00026000 08:20 6562                       /usr/lib/x86_64-linux-gnu/libedit.so.2.0.68
7f5f3863b000-7f5f3863d000 r--p 00032000 08:20 6562                       /usr/lib/x86_64-linux-gnu/libedit.so.2.0.68
7f5f3863d000-7f5f3863e000 rw-p 00034000 08:20 6562                       /usr/lib/x86_64-linux-gnu/libedit.so.2.0.68
7f5f3863e000-7f5f38642000 rw-p 00000000 00:00 0 
7f5f3a866000-7f5f3a868000 r--p 00000000 08:20 6689                       /usr/lib/x86_64-linux-gnu/libmd.so.0.0.5
7f5f3a868000-7f5f3a86f000 r-xp 00002000 08:20 6689                       /usr/lib/x86_64-linux-gnu/libmd.so.0.0.5
7f5f3a86f000-7f5f3a871000 r--p 00009000 08:20 6689                       /usr/lib/x86_64-linux-gnu/libmd.so.0.0.5
7f5f3a871000-7f5f3a872000 r--p 0000a000 08:20 6689                       /usr/lib/x86_64-linux-gnu/libmd.so.0.0.5
7f5f3a872000-7f5f3a873000 rw-p 0000b000 08:20 6689                       /usr/lib/x86_64-linux-gnu/libmd.so.0.0.5
7f5f3a873000-7f5f3a877000 r--p 00000000 08:20 6517                       /usr/lib/x86_64-linux-gnu/libbsd.so.0.11.5
7f5f3a877000-7f5f3a884000 r-xp 00004000 08:20 6517                       /usr/lib/x86_64-linux-gnu/libbsd.so.0.11.5
7f5f3a884000-7f5f3a887000 r--p 00011000 08:20 6517                       /usr/lib/x86_64-linux-gnu/libbsd.so.0.11.5
7f5f3a887000-7f5f3a888000 ---p 00014000 08:20 6517                       /usr/lib/x86_64-linux-gnu/libbsd.so.0.11.5
7f5f3a888000-7f5f3a889000 r--p 00014000 08:20 6517                       /usr/lib/x86_64-linux-gnu/libbsd.so.0.11.5
7f5f3a889000-7f5f3a88a000 rw-p 00015000 08:20 6517                       /usr/lib/x86_64-linux-gnu/libbsd.so.0.11.5
7f5f3a88a000-7f5f3a88b000 rw-p 00000000 00:00 0 
7f5f3a88b000-7f5f3a88d000 r--p 00000000 08:20 6479                       /usr/lib/x86_64-linux-gnu/libXdmcp.so.6.0.0
7f5f3a88d000-7f5f3a88f000 r-xp 00002000 08:20 6479                       /usr/lib/x86_64-linux-gnu/libXdmcp.so.6.0.0
7f5f3a88f000-7f5f3a891000 r--p 00004000 08:20 6479                       /usr/lib/x86_64-linux-gnu/libXdmcp.so.6.0.0
7f5f3a891000-7f5f3a892000 r--p 00005000 08:20 6479                       /usr/lib/x86_64-linux-gnu/libXdmcp.so.6.0.0
7f5f3a892000-7f5f3a893000 rw-p 00006000 08:20 6479                       /usr/lib/x86_64-linux-gnu/libXdmcp.so.6.0.0
7f5f3a893000-7f5f3a894000 r--p 00000000 08:20 6477                       /usr/lib/x86_64-linux-gnu/libXau.so.6.0.0
7f5f3a894000-7f5f3a896000 r-xp 00001000 08:20 6477                       /usr/lib/x86_64-linux-gnu/libXau.so.6.0.0
7f5f3a896000-7f5f3a897000 r--p 00003000 08:20 6477                       /usr/lib/x86_64-linux-gnu/libXau.so.6.0.0
7f5f3a897000-7f5f3a898000 r--p 00003000 08:20 6477                       /usr/lib/x86_64-linux-gnu/libXau.so.6.0.0
7f5f3a898000-7f5f3a899000 rw-p 00004000 08:20 6477                       /usr/lib/x86_64-linux-gnu/libXau.so.6.0.0
7f5f3a8f3000-7f5f3a8fe000 r--p 00000000 08:20 6865                       /usr/lib/x86_64-linux-gnu/libxcb.so.1.1.0
7f5f3a8fe000-7f5f3a912000 r-xp 0000b000 08:20 6865                       /usr/lib/x86_64-linux-gnu/libxcb.so.1.1.0
7f5f3a912000-7f5f3a91b000 r--p 0001f000 08:20 6865                       /usr/lib/x86_64-linux-gnu/libxcb.so.1.1.0
7f5f3a91b000-7f5f3a91c000 r--p 00027000 08:20 6865                       /usr/lib/x86_64-linux-gnu/libxcb.so.1.1.0
7f5f3a91c000-7f5f3a91d000 rw-p 00028000 08:20 6865                       /usr/lib/x86_64-linux-gnu/libxcb.so.1.1.0
7f5f3a966000-7f5f3a990000 r--p 00000000 08:20 29871                      /usr/lib/x86_64-linux-gnu/libasound.so.2.0.0
7f5f3a990000-7f5f3aa27000 r-xp 0002a000 08:20 29871                      /usr/lib/x86_64-linux-gnu/libasound.so.2.0.0
7f5f3aa27000-7f5f3aa61000 r--p 000c1000 08:20 29871                      /usr/lib/x86_64-linux-gnu/libasound.so.2.0.0
7f5f3aa61000-7f5f3aa68000 r--p 000fa000 08:20 29871                      /usr/lib/x86_64-linux-gnu/libasound.so.2.0.0
7f5f3aa68000-7f5f3aa69000 rw-p 00101000 08:20 29871                      /usr/lib/x86_64-linux-gnu/libasound.so.2.0.0
7f5f3aa69000-7f5f3aa7c000 r--p 00000000 08:20 24854                      /tmp/lwjgl_victorbp/3.3.4-snapshot/x64/libopenal.so
7f5f3aa7c000-7f5f3ab1c000 r-xp 00013000 08:20 24854                      /tmp/lwjgl_victorbp/3.3.4-snapshot/x64/libopenal.so
7f5f3ab1c000-7f5f3ab7e000 r--p 000b3000 08:20 24854                      /tmp/lwjgl_victorbp/3.3.4-snapshot/x64/libopenal.so
7f5f3ab7e000-7f5f3ab7f000 ---p 00115000 08:20 24854                      /tmp/lwjgl_victorbp/3.3.4-snapshot/x64/libopenal.so
7f5f3ab7f000-7f5f3ab84000 r--p 00115000 08:20 24854                      /tmp/lwjgl_victorbp/3.3.4-snapshot/x64/libopenal.so
7f5f3ab84000-7f5f3ab85000 rw-p 0011a000 08:20 24854                      /tmp/lwjgl_victorbp/3.3.4-snapshot/x64/libopenal.so
7f5f3ab85000-7f5f3ac00000 rw-p 00000000 00:00 0 
7f5f3ac00000-7f5f3b000000 rw-p 00000000 00:00 0 
7f5f3b000000-7f5f3b210000 rw-p 00000000 00:00 0 
7f5f3b210000-7f5f3b400000 ---p 00000000 00:00 0 
7f5f3b400000-7f5f3b770000 rw-p 00000000 00:00 0 
7f5f3b770000-7f5f3f000000 ---p 00000000 00:00 0 
7f5f3f000000-7f5f3fc97000 rw-p 00001000 08:20 21824                      /usr/lib/jvm/java-21-openjdk-amd64/lib/server/classes.jsa
7f5f3fc97000-7f5f40000000 ---p 00000000 00:00 0 
7f5f40000000-7f5f40040000 rw-p 00000000 00:00 0 
7f5f40040000-7f5f40070000 rw-p 00000000 00:00 0 
7f5f40070000-7f5f40080000 ---p 00000000 00:00 0 
7f5f40080000-7f5f40090000 rw-p 00000000 00:00 0 
7f5f40090000-7f5f80000000 ---p 00000000 00:00 0 
7f5f80000000-7f5f80021000 rw-p 00000000 00:00 0 
7f5f80021000-7f5f84000000 ---p 00000000 00:00 0 
7f5f84000000-7f5f84021000 rw-p 00000000 00:00 0 
7f5f84021000-7f5f88000000 ---p 00000000 00:00 0 
7f5f88000000-7f5f88021000 rw-p 00000000 00:00 0 
7f5f88021000-7f5f8c000000 ---p 00000000 00:00 0 
7f5f8c047000-7f5f8c087000 r--p 00000000 08:20 31266                      /usr/lib/x86_64-linux-gnu/libGLdispatch.so.0.0.0
7f5f8c087000-7f5f8c0c6000 r-xp 00040000 08:20 31266                      /usr/lib/x86_64-linux-gnu/libGLdispatch.so.0.0.0
7f5f8c0c6000-7f5f8c0d9000 r--p 0007f000 08:20 31266                      /usr/lib/x86_64-linux-gnu/libGLdispatch.so.0.0.0
7f5f8c0d9000-7f5f8c0da000 ---p 00092000 08:20 31266                      /usr/lib/x86_64-linux-gnu/libGLdispatch.so.0.0.0
7f5f8c0da000-7f5f8c0f6000 r--p 00092000 08:20 31266                      /usr/lib/x86_64-linux-gnu/libGLdispatch.so.0.0.0
7f5f8c0f6000-7f5f8c0f7000 rw-p 000ae000 08:20 31266                      /usr/lib/x86_64-linux-gnu/libGLdispatch.so.0.0.0
7f5f8c0f7000-7f5f8c0ff000 rw-p 00000000 00:00 0 
7f5f8c200000-7f5f8c600000 rw-p 00000000 00:00 0 
7f5f8c67c000-7f5f8c684000 r--p 00000000 08:20 17379                      /tmp/lwjgl_victorbp/3.3.4-snapshot/x64/libjemalloc.so
7f5f8c684000-7f5f8c6dc000 r-xp 00008000 08:20 17379                      /tmp/lwjgl_victorbp/3.3.4-snapshot/x64/libjemalloc.so
7f5f8c6dc000-7f5f8c6ed000 r--p 00060000 08:20 17379                      /tmp/lwjgl_victorbp/3.3.4-snapshot/x64/libjemalloc.so
7f5f8c6ed000-7f5f8c6ee000 ---p 00071000 08:20 17379                      /tmp/lwjgl_victorbp/3.3.4-snapshot/x64/libjemalloc.so
7f5f8c6ee000-7f5f8c6f4000 r--p 00071000 08:20 17379                      /tmp/lwjgl_victorbp/3.3.4-snapshot/x64/libjemalloc.so
7f5f8c6f4000-7f5f8c6f5000 rw-p 00077000 08:20 17379                      /tmp/lwjgl_victorbp/3.3.4-snapshot/x64/libjemalloc.so
7f5f8c6f5000-7f5f8c8ff000 rw-p 00000000 00:00 0 
7f5f8ca00000-7f5f8ca20000 r-xp 00000000 08:20 5857                       /tmp/libgdxvictorbp/cb4a381b/libgdx64.so
7f5f8ca20000-7f5f8cc20000 ---p 00020000 08:20 5857                       /tmp/libgdxvictorbp/cb4a381b/libgdx64.so
7f5f8cc20000-7f5f8cc21000 r--p 00020000 08:20 5857                       /tmp/libgdxvictorbp/cb4a381b/libgdx64.so
7f5f8cc21000-7f5f8cc22000 rw-p 00021000 08:20 5857                       /tmp/libgdxvictorbp/cb4a381b/libgdx64.so
7f5f8cc61000-7f5f8cc63000 r--p 00000000 08:20 6578                       /usr/lib/x86_64-linux-gnu/libffi.so.8.1.0
7f5f8cc63000-7f5f8cc6a000 r-xp 00002000 08:20 6578                       /usr/lib/x86_64-linux-gnu/libffi.so.8.1.0
7f5f8cc6a000-7f5f8cc6b000 r--p 00009000 08:20 6578                       /usr/lib/x86_64-linux-gnu/libffi.so.8.1.0
7f5f8cc6b000-7f5f8cc6c000 ---p 0000a000 08:20 6578                       /usr/lib/x86_64-linux-gnu/libffi.so.8.1.0
7f5f8cc6c000-7f5f8cc6d000 r--p 0000a000 08:20 6578                       /usr/lib/x86_64-linux-gnu/libffi.so.8.1.0
7f5f8cc6d000-7f5f8cc6e000 rw-p 0000b000 08:20 6578                       /usr/lib/x86_64-linux-gnu/libffi.so.8.1.0
7f5f8cc6e000-7f5f8cc73000 r--p 00000000 08:20 65312                      /usr/lib/x86_64-linux-gnu/libwayland-client.so.0.20.0
7f5f8cc73000-7f5f8cc79000 r-xp 00005000 08:20 65312                      /usr/lib/x86_64-linux-gnu/libwayland-client.so.0.20.0
7f5f8cc79000-7f5f8cc7b000 r--p 0000b000 08:20 65312                      /usr/lib/x86_64-linux-gnu/libwayland-client.so.0.20.0
7f5f8cc7b000-7f5f8cc7c000 ---p 0000d000 08:20 65312                      /usr/lib/x86_64-linux-gnu/libwayland-client.so.0.20.0
7f5f8cc7c000-7f5f8cc7e000 r--p 0000d000 08:20 65312                      /usr/lib/x86_64-linux-gnu/libwayland-client.so.0.20.0
7f5f8cc7e000-7f5f8cc7f000 rw-p 0000f000 08:20 65312                      /usr/lib/x86_64-linux-gnu/libwayland-client.so.0.20.0
7f5f8cc86000-7f5f8cc95000 r--p 00000000 08:20 17547                      /tmp/lwjgl_victorbp/3.3.4-snapshot/x64/libglfw.so
7f5f8cc95000-7f5f8ccb6000 r-xp 0000f000 08:20 17547                      /tmp/lwjgl_victorbp/3.3.4-snapshot/x64/libglfw.so
7f5f8ccb6000-7f5f8ccea000 r--p 00030000 08:20 17547                      /tmp/lwjgl_victorbp/3.3.4-snapshot/x64/libglfw.so
7f5f8ccea000-7f5f8cceb000 ---p 00064000 08:20 17547                      /tmp/lwjgl_victorbp/3.3.4-snapshot/x64/libglfw.so
7f5f8cceb000-7f5f8ccef000 r--p 00064000 08:20 17547                      /tmp/lwjgl_victorbp/3.3.4-snapshot/x64/libglfw.so
7f5f8ccef000-7f5f8ccf2000 rw-p 00068000 08:20 17547                      /tmp/lwjgl_victorbp/3.3.4-snapshot/x64/libglfw.so
7f5f8ccf2000-7f5f8cd15000 rw-p 00000000 00:00 0 
7f5f8cd15000-7f5f8cd16000 r--p 00000000 08:20 26502                      /usr/lib/x86_64-linux-gnu/libpthread.so.0
7f5f8cd16000-7f5f8cd17000 r-xp 00001000 08:20 26502                      /usr/lib/x86_64-linux-gnu/libpthread.so.0
7f5f8cd17000-7f5f8cd18000 r--p 00002000 08:20 26502                      /usr/lib/x86_64-linux-gnu/libpthread.so.0
7f5f8cd18000-7f5f8cd19000 r--p 00002000 08:20 26502                      /usr/lib/x86_64-linux-gnu/libpthread.so.0
7f5f8cd19000-7f5f8cd1a000 rw-p 00003000 08:20 26502                      /usr/lib/x86_64-linux-gnu/libpthread.so.0
7f5f8cd1a000-7f5f8cd1b000 r--p 00000000 08:20 26490                      /usr/lib/x86_64-linux-gnu/libdl.so.2
7f5f8cd1b000-7f5f8cd1c000 r-xp 00001000 08:20 26490                      /usr/lib/x86_64-linux-gnu/libdl.so.2
7f5f8cd1c000-7f5f8cd1d000 r--p 00002000 08:20 26490                      /usr/lib/x86_64-linux-gnu/libdl.so.2
7f5f8cd1d000-7f5f8cd1e000 r--p 00002000 08:20 26490                      /usr/lib/x86_64-linux-gnu/libdl.so.2
7f5f8cd1e000-7f5f8cd1f000 rw-p 00003000 08:20 26490                      /usr/lib/x86_64-linux-gnu/libdl.so.2
7f5f8cd1f000-7f5f8cd49000 r--p 00000000 08:20 17377                      /tmp/lwjgl_victorbp/3.3.4-snapshot/x64/liblwjgl.so
7f5f8cd49000-7f5f8cd7b000 r-xp 0002a000 08:20 17377                      /tmp/lwjgl_victorbp/3.3.4-snapshot/x64/liblwjgl.so
7f5f8cd7b000-7f5f8cd94000 r--p 0005c000 08:20 17377                      /tmp/lwjgl_victorbp/3.3.4-snapshot/x64/liblwjgl.so
7f5f8cd94000-7f5f8cd95000 r--p 00074000 08:20 17377                      /tmp/lwjgl_victorbp/3.3.4-snapshot/x64/liblwjgl.so
7f5f8cd95000-7f5f8cd96000 rw-p 00075000 08:20 17377                      /tmp/lwjgl_victorbp/3.3.4-snapshot/x64/liblwjgl.so
7f5f8ce97000-7f5f8ce99000 r--p 00000000 08:20 21817                      /usr/lib/jvm/java-21-openjdk-amd64/lib/libzip.so
7f5f8ce99000-7f5f8ce9e000 r-xp 00002000 08:20 21817                      /usr/lib/jvm/java-21-openjdk-amd64/lib/libzip.so
7f5f8ce9e000-7f5f8cea0000 r--p 00007000 08:20 21817                      /usr/lib/jvm/java-21-openjdk-amd64/lib/libzip.so
7f5f8cea0000-7f5f8cea1000 r--p 00008000 08:20 21817                      /usr/lib/jvm/java-21-openjdk-amd64/lib/libzip.so
7f5f8cea1000-7f5f8cea2000 rw-p 00009000 08:20 21817                      /usr/lib/jvm/java-21-openjdk-amd64/lib/libzip.so
7f5f8cea2000-7f5f8cea5000 r--p 00000000 08:20 21793                      /usr/lib/jvm/java-21-openjdk-amd64/lib/libnet.so
7f5f8cea5000-7f5f8cead000 r-xp 00003000 08:20 21793                      /usr/lib/jvm/java-21-openjdk-amd64/lib/libnet.so
7f5f8cead000-7f5f8ceaf000 r--p 0000b000 08:20 21793                      /usr/lib/jvm/java-21-openjdk-amd64/lib/libnet.so
7f5f8ceaf000-7f5f8ceb0000 r--p 0000c000 08:20 21793                      /usr/lib/jvm/java-21-openjdk-amd64/lib/libnet.so
7f5f8ceb0000-7f5f8ceb1000 rw-p 0000d000 08:20 21793                      /usr/lib/jvm/java-21-openjdk-amd64/lib/libnet.so
7f5f8ceb1000-7f5f8ceb8000 r--p 00000000 08:20 21802                      /usr/lib/jvm/java-21-openjdk-amd64/lib/libnio.so
7f5f8ceb8000-7f5f8cec1000 r-xp 00007000 08:20 21802                      /usr/lib/jvm/java-21-openjdk-amd64/lib/libnio.so
7f5f8cec1000-7f5f8cec5000 r--p 00010000 08:20 21802                      /usr/lib/jvm/java-21-openjdk-amd64/lib/libnio.so
7f5f8cec5000-7f5f8cec6000 ---p 00014000 08:20 21802                      /usr/lib/jvm/java-21-openjdk-amd64/lib/libnio.so
7f5f8cec6000-7f5f8cec7000 r--p 00014000 08:20 21802                      /usr/lib/jvm/java-21-openjdk-amd64/lib/libnio.so
7f5f8cec7000-7f5f8cec8000 rw-p 00015000 08:20 21802                      /usr/lib/jvm/java-21-openjdk-amd64/lib/libnio.so
7f5f8cec8000-7f5f8cec9000 ---p 00000000 00:00 0 
7f5f8cec9000-7f5f8cecd000 ---p 00000000 00:00 0 
7f5f8cecd000-7f5f8cfc9000 rw-p 00000000 00:00 0 
7f5f8cfc9000-7f5f8cfca000 ---p 00000000 00:00 0 
7f5f8cfca000-7f5f8cfce000 ---p 00000000 00:00 0 
7f5f8cfce000-7f5f8d0ca000 rw-p 00000000 00:00 0 
7f5f8d0ca000-7f5f8d0cf000 r--p 00000000 08:20 19794                      /usr/lib/jvm/java-21-openjdk-amd64/lib/libjsvml.so
7f5f8d0cf000-7f5f8d110000 r-xp 00005000 08:20 19794                      /usr/lib/jvm/java-21-openjdk-amd64/lib/libjsvml.so
7f5f8d110000-7f5f8d199000 r--p 00046000 08:20 19794                      /usr/lib/jvm/java-21-openjdk-amd64/lib/libjsvml.so
7f5f8d199000-7f5f8d19a000 r--p 000ce000 08:20 19794                      /usr/lib/jvm/java-21-openjdk-amd64/lib/libjsvml.so
7f5f8d19a000-7f5f8d19b000 rw-p 000cf000 08:20 19794                      /usr/lib/jvm/java-21-openjdk-amd64/lib/libjsvml.so
7f5f8d19b000-7f5f8d19c000 ---p 00000000 00:00 0 
7f5f8d19c000-7f5f8d1a0000 ---p 00000000 00:00 0 
7f5f8d1a0000-7f5f8d29c000 rw-p 00000000 00:00 0 
7f5f8d29c000-7f5f8d29d000 ---p 00000000 00:00 0 
7f5f8d29d000-7f5f8d2a1000 ---p 00000000 00:00 0 
7f5f8d2a1000-7f5f8d39d000 rw-p 00000000 00:00 0 
7f5f8d39d000-7f5f8d39e000 ---p 00000000 00:00 0 
7f5f8d39e000-7f5f8d3a2000 ---p 00000000 00:00 0 
7f5f8d3a2000-7f5f8d49e000 rw-p 00000000 00:00 0 
7f5f8d49e000-7f5f8d49f000 ---p 00000000 00:00 0 
7f5f8d49f000-7f5f8d4a3000 ---p 00000000 00:00 0 
7f5f8d4a3000-7f5f8d59f000 rw-p 00000000 00:00 0 
7f5f8d59f000-7f5f8d5a0000 ---p 00000000 00:00 0 
7f5f8d5a0000-7f5f8d5a4000 ---p 00000000 00:00 0 
7f5f8d5a4000-7f5f8d6a0000 rw-p 00000000 00:00 0 
7f5f8d6a0000-7f5f8d6a1000 ---p 00000000 00:00 0 
7f5f8d6a1000-7f5f8d6a5000 ---p 00000000 00:00 0 
7f5f8d6a5000-7f5f8d7a1000 rw-p 00000000 00:00 0 
7f5f8d7a1000-7f5f8d7a2000 ---p 00000000 00:00 0 
7f5f8d7a2000-7f5f8d7a6000 ---p 00000000 00:00 0 
7f5f8d7a6000-7f5f8d8a2000 rw-p 00000000 00:00 0 
7f5f8d8a2000-7f5f8d8f9000 r--p 00000000 08:20 25055                      /usr/lib/locale/C.utf8/LC_CTYPE
7f5f8d8f9000-7f5f8d8fa000 ---p 00000000 00:00 0 
7f5f8d8fa000-7f5f8d9fa000 rw-p 00000000 00:00 0 
7f5f8d9fa000-7f5f8d9fb000 ---p 00000000 00:00 0 
7f5f8d9fb000-7f5f8dafb000 rw-p 00000000 00:00 0 
7f5f8dafb000-7f5f8dafc000 ---p 00000000 00:00 0 
7f5f8dafc000-7f5f8dbfc000 rw-p 00000000 00:00 0 
7f5f8dbfc000-7f5f8dbfd000 ---p 00000000 00:00 0 
7f5f8dbfd000-7f5f90000000 rw-p 00000000 00:00 0 
7f5f90000000-7f5f90021000 rw-p 00000000 00:00 0 
7f5f90021000-7f5f94000000 ---p 00000000 00:00 0 
7f5f94000000-7f5f94021000 rw-p 00000000 00:00 0 
7f5f94021000-7f5f98000000 ---p 00000000 00:00 0 
7f5f98000000-7f5f98021000 rw-p 00000000 00:00 0 
7f5f98021000-7f5f9c000000 ---p 00000000 00:00 0 
7f5f9c001000-7f5f9c002000 r--p 00000000 08:20 26505                      /usr/lib/x86_64-linux-gnu/librt.so.1
7f5f9c002000-7f5f9c003000 r-xp 00001000 08:20 26505                      /usr/lib/x86_64-linux-gnu/librt.so.1
7f5f9c003000-7f5f9c004000 r--p 00002000 08:20 26505                      /usr/lib/x86_64-linux-gnu/librt.so.1
7f5f9c004000-7f5f9c005000 r--p 00002000 08:20 26505                      /usr/lib/x86_64-linux-gnu/librt.so.1
7f5f9c005000-7f5f9c006000 rw-p 00003000 08:20 26505                      /usr/lib/x86_64-linux-gnu/librt.so.1
7f5f9c006000-7f5f9c007000 rw-p 00000000 00:00 0 
7f5f9c007000-7f5f9c008000 r-xp 0005a000 08:20 17377                      /tmp/lwjgl_victorbp/3.3.4-snapshot/x64/liblwjgl.so
7f5f9c008000-7f5f9cfd0000 rw-p 00000000 00:00 0 
7f5f9cfd0000-7f5fa09e8000 ---p 00000000 00:00 0 
7f5fa09e8000-7f5fa09f0000 rw-p 00000000 00:00 0 
7f5fa09f0000-7f5fa0c60000 rwxp 00000000 00:00 0 
7f5fa0c60000-7f5fa7e07000 ---p 00000000 00:00 0 
7f5fa7e07000-7f5fa8127000 rwxp 00000000 00:00 0 
7f5fa8127000-7f5fa85d8000 ---p 00000000 00:00 0 
7f5fa85d8000-7f5fa8848000 rwxp 00000000 00:00 0 
7f5fa8848000-7f5faf9f0000 ---p 00000000 00:00 0 
7f5faf9f0000-7f5fb8000000 r--s 00000000 08:20 21822                      /usr/lib/jvm/java-21-openjdk-amd64/lib/modules
7f5fb8000000-7f5fb92d1000 rw-p 00000000 00:00 0 
7f5fb92d1000-7f5fbc000000 ---p 00000000 00:00 0 
7f5fbc000000-7f5fbc001000 r--p 00000000 08:20 25063                      /usr/lib/locale/C.utf8/LC_NUMERIC
7f5fbc001000-7f5fbc002000 r--p 00000000 08:20 25066                      /usr/lib/locale/C.utf8/LC_TIME
7f5fbc002000-7f5fbc003000 r--p 00000000 08:20 25054                      /usr/lib/locale/C.utf8/LC_COLLATE
7f5fbc003000-7f5fbc004000 r--p 00000000 08:20 25061                      /usr/lib/locale/C.utf8/LC_MONETARY
7f5fbc004000-7f5fbc005000 r--p 00000000 08:20 25060                      /usr/lib/locale/C.utf8/LC_MESSAGES/SYS_LC_MESSAGES
7f5fbc005000-7f5fbc006000 r--p 00000000 08:20 25064                      /usr/lib/locale/C.utf8/LC_PAPER
7f5fbc006000-7f5fbc00d000 r--s 00000000 08:20 67816                      /usr/lib/x86_64-linux-gnu/gconv/gconv-modules.cache
7f5fbc00d000-7f5fbc957000 rw-p 00000000 00:00 0 
7f5fbc957000-7f5fbc958000 ---p 00000000 00:00 0 
7f5fbc958000-7f5fbca58000 rw-p 00000000 00:00 0 
7f5fbca58000-7f5fbca59000 ---p 00000000 00:00 0 
7f5fbca59000-7f5fbcb59000 rw-p 00000000 00:00 0 
7f5fbcb59000-7f5fbcb5a000 ---p 00000000 00:00 0 
7f5fbcb5a000-7f5fbce10000 rw-p 00000000 00:00 0 
7f5fbce10000-7f5fbd553000 ---p 00000000 00:00 0 
7f5fbd553000-7f5fbd5d0000 rw-p 00000000 00:00 0 
7f5fbd5d0000-7f5fbdd13000 ---p 00000000 00:00 0 
7f5fbdd13000-7f5fbf430000 rw-p 00000000 00:00 0 
7f5fbf430000-7f5fbf514000 ---p 00000000 00:00 0 
7f5fbf514000-7f5fbf519000 rw-p 00000000 00:00 0 
7f5fbf519000-7f5fbf5fd000 ---p 00000000 00:00 0 
7f5fbf5fd000-7f5fbf604000 rw-p 00000000 00:00 0 
7f5fbf604000-7f5fbf60d000 ---p 00000000 00:00 0 
7f5fbf60d000-7f5fbf61a000 r--p 00000000 08:20 19552                      /usr/lib/jvm/java-21-openjdk-amd64/lib/libjava.so
7f5fbf61a000-7f5fbf628000 r-xp 0000d000 08:20 19552                      /usr/lib/jvm/java-21-openjdk-amd64/lib/libjava.so
7f5fbf628000-7f5fbf62d000 r--p 0001b000 08:20 19552                      /usr/lib/jvm/java-21-openjdk-amd64/lib/libjava.so
7f5fbf62d000-7f5fbf62e000 ---p 00020000 08:20 19552                      /usr/lib/jvm/java-21-openjdk-amd64/lib/libjava.so
7f5fbf62e000-7f5fbf62f000 r--p 00020000 08:20 19552                      /usr/lib/jvm/java-21-openjdk-amd64/lib/libjava.so
7f5fbf62f000-7f5fbf630000 rw-p 00021000 08:20 19552                      /usr/lib/jvm/java-21-openjdk-amd64/lib/libjava.so
7f5fbf630000-7f5fbf631000 rw-p 00000000 00:00 0 
7f5fbf631000-7f5fbf639000 rw-s 00000000 08:20 1221                       /tmp/hsperfdata_victorbp/22058 (deleted)
7f5fbf639000-7f5fbf63b000 r--p 00000000 08:20 19588                      /usr/lib/jvm/java-21-openjdk-amd64/lib/libjimage.so
7f5fbf63b000-7f5fbf63e000 r-xp 00002000 08:20 19588                      /usr/lib/jvm/java-21-openjdk-amd64/lib/libjimage.so
7f5fbf63e000-7f5fbf63f000 r--p 00005000 08:20 19588                      /usr/lib/jvm/java-21-openjdk-amd64/lib/libjimage.so
7f5fbf63f000-7f5fbf640000 ---p 00006000 08:20 19588                      /usr/lib/jvm/java-21-openjdk-amd64/lib/libjimage.so
7f5fbf640000-7f5fbf641000 r--p 00006000 08:20 19588                      /usr/lib/jvm/java-21-openjdk-amd64/lib/libjimage.so
7f5fbf641000-7f5fbf642000 rw-p 00007000 08:20 19588                      /usr/lib/jvm/java-21-openjdk-amd64/lib/libjimage.so
7f5fbf642000-7f5fbf646000 ---p 00000000 00:00 0 
7f5fbf646000-7f5fbf742000 rw-p 00000000 00:00 0 
7f5fbf742000-7f5fbf745000 r--p 00000000 08:20 28279                      /usr/lib/x86_64-linux-gnu/libgcc_s.so.1
7f5fbf745000-7f5fbf75c000 r-xp 00003000 08:20 28279                      /usr/lib/x86_64-linux-gnu/libgcc_s.so.1
7f5fbf75c000-7f5fbf760000 r--p 0001a000 08:20 28279                      /usr/lib/x86_64-linux-gnu/libgcc_s.so.1
7f5fbf760000-7f5fbf761000 r--p 0001d000 08:20 28279                      /usr/lib/x86_64-linux-gnu/libgcc_s.so.1
7f5fbf761000-7f5fbf762000 rw-p 0001e000 08:20 28279                      /usr/lib/x86_64-linux-gnu/libgcc_s.so.1
7f5fbf762000-7f5fbf770000 r--p 00000000 08:20 26491                      /usr/lib/x86_64-linux-gnu/libm.so.6
7f5fbf770000-7f5fbf7ec000 r-xp 0000e000 08:20 26491                      /usr/lib/x86_64-linux-gnu/libm.so.6
7f5fbf7ec000-7f5fbf847000 r--p 0008a000 08:20 26491                      /usr/lib/x86_64-linux-gnu/libm.so.6
7f5fbf847000-7f5fbf848000 r--p 000e4000 08:20 26491                      /usr/lib/x86_64-linux-gnu/libm.so.6
7f5fbf848000-7f5fbf849000 rw-p 000e5000 08:20 26491                      /usr/lib/x86_64-linux-gnu/libm.so.6
7f5fbf849000-7f5fbf8e3000 r--p 00000000 08:20 29707                      /usr/lib/x86_64-linux-gnu/libstdc++.so.6.0.30
7f5fbf8e3000-7f5fbf9f4000 r-xp 0009a000 08:20 29707                      /usr/lib/x86_64-linux-gnu/libstdc++.so.6.0.30
7f5fbf9f4000-7f5fbfa63000 r--p 001ab000 08:20 29707                      /usr/lib/x86_64-linux-gnu/libstdc++.so.6.0.30
7f5fbfa63000-7f5fbfa64000 ---p 0021a000 08:20 29707                      /usr/lib/x86_64-linux-gnu/libstdc++.so.6.0.30
7f5fbfa64000-7f5fbfa6f000 r--p 0021a000 08:20 29707                      /usr/lib/x86_64-linux-gnu/libstdc++.so.6.0.30
7f5fbfa6f000-7f5fbfa72000 rw-p 00225000 08:20 29707                      /usr/lib/x86_64-linux-gnu/libstdc++.so.6.0.30
7f5fbfa72000-7f5fbfa75000 rw-p 00000000 00:00 0 
7f5fbfa75000-7f5fbfd16000 r--p 00000000 08:20 21838                      /usr/lib/jvm/java-21-openjdk-amd64/lib/server/libjvm.so
7f5fbfd16000-7f5fc0b88000 r-xp 002a1000 08:20 21838                      /usr/lib/jvm/java-21-openjdk-amd64/lib/server/libjvm.so
7f5fc0b88000-7f5fc0e60000 r--p 01113000 08:20 21838                      /usr/lib/jvm/java-21-openjdk-amd64/lib/server/libjvm.so
7f5fc0e60000-7f5fc0e61000 ---p 013eb000 08:20 21838                      /usr/lib/jvm/java-21-openjdk-amd64/lib/server/libjvm.so
7f5fc0e61000-7f5fc0f34000 r--p 013eb000 08:20 21838                      /usr/lib/jvm/java-21-openjdk-amd64/lib/server/libjvm.so
7f5fc0f34000-7f5fc0f64000 rw-p 014be000 08:20 21838                      /usr/lib/jvm/java-21-openjdk-amd64/lib/server/libjvm.so
7f5fc0f64000-7f5fc0fcd000 rw-p 00000000 00:00 0 
7f5fc0fcd000-7f5fc0ff5000 r--p 00000000 08:20 26488                      /usr/lib/x86_64-linux-gnu/libc.so.6
7f5fc0ff5000-7f5fc118a000 r-xp 00028000 08:20 26488                      /usr/lib/x86_64-linux-gnu/libc.so.6
7f5fc118a000-7f5fc11e2000 r--p 001bd000 08:20 26488                      /usr/lib/x86_64-linux-gnu/libc.so.6
7f5fc11e2000-7f5fc11e3000 ---p 00215000 08:20 26488                      /usr/lib/x86_64-linux-gnu/libc.so.6
7f5fc11e3000-7f5fc11e7000 r--p 00215000 08:20 26488                      /usr/lib/x86_64-linux-gnu/libc.so.6
7f5fc11e7000-7f5fc11e9000 rw-p 00219000 08:20 26488                      /usr/lib/x86_64-linux-gnu/libc.so.6
7f5fc11e9000-7f5fc11f6000 rw-p 00000000 00:00 0 
7f5fc11f6000-7f5fc11f8000 r--p 00000000 08:20 19589                      /usr/lib/jvm/java-21-openjdk-amd64/lib/libjli.so
7f5fc11f8000-7f5fc1202000 r-xp 00002000 08:20 19589                      /usr/lib/jvm/java-21-openjdk-amd64/lib/libjli.so
7f5fc1202000-7f5fc1205000 r--p 0000c000 08:20 19589                      /usr/lib/jvm/java-21-openjdk-amd64/lib/libjli.so
7f5fc1205000-7f5fc1206000 ---p 0000f000 08:20 19589                      /usr/lib/jvm/java-21-openjdk-amd64/lib/libjli.so
7f5fc1206000-7f5fc1207000 r--p 0000f000 08:20 19589                      /usr/lib/jvm/java-21-openjdk-amd64/lib/libjli.so
7f5fc1207000-7f5fc1208000 rw-p 00010000 08:20 19589                      /usr/lib/jvm/java-21-openjdk-amd64/lib/libjli.so
7f5fc1208000-7f5fc120a000 r--p 00000000 08:20 6877                       /usr/lib/x86_64-linux-gnu/libz.so.1.2.11
7f5fc120a000-7f5fc121b000 r-xp 00002000 08:20 6877                       /usr/lib/x86_64-linux-gnu/libz.so.1.2.11
7f5fc121b000-7f5fc1221000 r--p 00013000 08:20 6877                       /usr/lib/x86_64-linux-gnu/libz.so.1.2.11
7f5fc1221000-7f5fc1222000 ---p 00019000 08:20 6877                       /usr/lib/x86_64-linux-gnu/libz.so.1.2.11
7f5fc1222000-7f5fc1223000 r--p 00019000 08:20 6877                       /usr/lib/x86_64-linux-gnu/libz.so.1.2.11
7f5fc1223000-7f5fc1224000 rw-p 0001a000 08:20 6877                       /usr/lib/x86_64-linux-gnu/libz.so.1.2.11
7f5fc1224000-7f5fc1225000 r--p 00000000 08:20 25062                      /usr/lib/locale/C.utf8/LC_NAME
7f5fc1225000-7f5fc1226000 r--p 00000000 08:20 25053                      /usr/lib/locale/C.utf8/LC_ADDRESS
7f5fc1226000-7f5fc1227000 r--p 00000000 08:20 25065                      /usr/lib/locale/C.utf8/LC_TELEPHONE
7f5fc1227000-7f5fc1228000 r--p 00000000 08:20 25059                      /usr/lib/locale/C.utf8/LC_MEASUREMENT
7f5fc1228000-7f5fc1229000 r--p 00000000 08:20 25058                      /usr/lib/locale/C.utf8/LC_IDENTIFICATION
7f5fc1229000-7f5fc122a000 ---p 00000000 00:00 0 
7f5fc122a000-7f5fc122b000 r--p 00000000 00:00 0 
7f5fc122b000-7f5fc122d000 rw-p 00000000 00:00 0 
7f5fc122d000-7f5fc122f000 r--p 00000000 08:20 26482                      /usr/lib/x86_64-linux-gnu/ld-linux-x86-64.so.2
7f5fc122f000-7f5fc1259000 r-xp 00002000 08:20 26482                      /usr/lib/x86_64-linux-gnu/ld-linux-x86-64.so.2
7f5fc1259000-7f5fc1264000 r--p 0002c000 08:20 26482                      /usr/lib/x86_64-linux-gnu/ld-linux-x86-64.so.2
7f5fc1264000-7f5fc1265000 ---p 00000000 00:00 0 
7f5fc1265000-7f5fc1267000 r--p 00037000 08:20 26482                      /usr/lib/x86_64-linux-gnu/ld-linux-x86-64.so.2
7f5fc1267000-7f5fc1269000 rw-p 00039000 08:20 26482                      /usr/lib/x86_64-linux-gnu/ld-linux-x86-64.so.2
7ffd1249b000-7ffd124bd000 rw-p 00000000 00:00 0                          [stack]
7ffd124e5000-7ffd124e9000 r--p 00000000 00:00 0                          [vvar]
7ffd124e9000-7ffd124eb000 r-xp 00000000 00:00 0                          [vdso]
Total number of mappings: 400


VM Arguments:
java_command: dk.ee.zg.DesktopLauncher
java_class_path (initial): mods-mvn/Common-1.0-SNAPSHOT.jar:mods-mvn/CommonMap-1.0-SNAPSHOT.jar:mods-mvn/GameEngine-1.0-SNAPSHOT.jar:mods-mvn/Player-1.0-SNAPSHOT.jar
Launcher Type: SUN_STANDARD

[Global flags]
     intx CICompilerCount                          = 15                                        {product} {ergonomic}
     uint ConcGCThreads                            = 6                                         {product} {ergonomic}
     uint G1ConcRefinementThreads                  = 23                                        {product} {ergonomic}
   size_t G1HeapRegionSize                         = 2097152                                   {product} {ergonomic}
    uintx GCDrainStackTargetSize                   = 64                                        {product} {ergonomic}
   size_t InitialHeapSize                          = 260046848                                 {product} {ergonomic}
   size_t MarkStackSize                            = 4194304                                   {product} {ergonomic}
   size_t MaxHeapSize                              = 4160749568                                {product} {ergonomic}
   size_t MaxNewSize                               = 2495610880                                {product} {ergonomic}
   size_t MinHeapDeltaBytes                        = 2097152                                   {product} {ergonomic}
   size_t MinHeapSize                              = 8388608                                   {product} {ergonomic}
    uintx NonNMethodCodeHeapSize                   = 8192380                                {pd product} {ergonomic}
    uintx NonProfiledCodeHeapSize                  = 121732930                              {pd product} {ergonomic}
    uintx ProfiledCodeHeapSize                     = 121732930                              {pd product} {ergonomic}
    uintx ReservedCodeCacheSize                    = 251658240                              {pd product} {ergonomic}
     bool SegmentedCodeCache                       = true                                      {product} {ergonomic}
   size_t SoftMaxHeapSize                          = 4160749568                             {manageable} {ergonomic}
     bool UseCompressedOops                        = true                           {product lp64_product} {ergonomic}
     bool UseG1GC                                  = true                                      {product} {ergonomic}

Logging:
Log output configuration:
 #0: 
[error occurred during error reporting (printing log configuration), id 0xb, SIGSEGV (0xb) at pc=0x0000000000000025]
Environment Variables:
PATH=/home/victorbp/.cargo/bin:/usr/local/sbin:/usr/local/bin:/usr/sbin:/usr/bin:/sbin:/bin:/usr/games:/usr/local/games:/usr/lib/wsl/lib:/mnt/c/Program Files (x86)/JavaFX/javafx-sdk1.2/bin:/mnt/c/Program Files (x86)/JavaFX/javafx-sdk1.2/emulator/bin:/mnt/c/Program Files/Common Files/Oracle/Java/javapath:/mnt/c/Program Files (x86)/Common Files/Oracle/Java/java8path:/mnt/c/Program Files (x86)/Common Files/Oracle/Java/javapath:/mnt/c/Windows/system32:/mnt/c/Windows:/mnt/c/Windows/System32/Wbem:/mnt/c/Windows/System32/WindowsPowerShell/v1.0/:/mnt/c/Windows/System32/OpenSSH/:/mnt/c/Program Files (x86)/NVIDIA Corporation/PhysX/Common:/mnt/c/Program Files/dotnet/:/mnt/c/Program Files (x86)/dotnet/:/mnt/c/WINDOWS/system32:/mnt/c/WINDOWS:/mnt/c/WINDOWS/System32/Wbem:/mnt/c/WINDOWS/System32/WindowsPowerShell/v1.0/:/mnt/c/WINDOWS/System32/OpenSSH/:/mnt/c/Program Files/nodejs/:/mnt/c/Program Files (x86)/Windows Live/Shared:/mnt/c/Program Files/Airshipper/:/mnt/c/Program Files/Git/cmd:/mnt/c/Program Files/Docker/Docker/resources/bin:/mnt/c/Program Files/wooting-analog-sdk/:/mnt/c/Program Files/php-8.1.31-Win32-vs16-x86:/mnt/c/ProgramData/ComposerSetup/bin:/mnt/c/Program Files/mysql-9.1.0-winx64/bin:/mnt/c/Program Files/NVIDIA Corporation/NVIDIA app/NvDLISR:/mnt/c/Users/Victor B. Pedersen/.cargo/bin:/mnt/c/Users/Victor B. Pedersen/AppData/Local/Microsoft/WindowsApps:/mnt/c/Users/Victor B. Pedersen/AppData/Local/Programs/Microsoft VS Code/bin:/mnt/c/Users/Victor B. Pedersen/AppData/Local/GitHubDesktop/bin:/mnt/c/Users/Victor B. Pedersen/AppData/Roaming/npm:/mnt/c/Users/Victor B. Pedersen/AppData/Local/JetBrains/Toolbox/scripts:/mnt/c/Program Files/JetBrains/IntelliJ IDEA 2023.3.4/bin:/mnt/c/Users/Victor B. Pedersen/AppData/Local/Programs/MiKTeX/miktex/bin/x64/:/mnt/c/Users/Victor B. Pedersen/AppData/Roaming/Composer/vendor/bin:/snap/bin
SHELL=/bin/bash
DISPLAY=:0
HOSTTYPE=x86_64
LANG=C.UTF-8
TERM=xterm-256color

Active Locale:
LC_ALL=C.UTF-8
LC_COLLATE=C.UTF-8
LC_CTYPE=C.UTF-8
LC_MESSAGES=C.UTF-8
LC_MONETARY=C.UTF-8
LC_NUMERIC=C.UTF-8
LC_TIME=C.UTF-8

Signal Handlers:
   SIGSEGV: crash_handler in libjvm.so, mask=11100100010111111101111111111110, flags=SA_RESTART|SA_SIGINFO, unblocked
    SIGBUS: crash_handler in libjvm.so, mask=11100100010111111101111111111110, flags=SA_RESTART|SA_SIGINFO, unblocked
    SIGFPE: crash_handler in libjvm.so, mask=11100100010111111101111111111110, flags=SA_RESTART|SA_SIGINFO, unblocked
   SIGPIPE: javaSignalHandler in libjvm.so, mask=11100100010111111101111111111110, flags=SA_RESTART|SA_SIGINFO, blocked
   SIGXFSZ: javaSignalHandler in libjvm.so, mask=11100100010111111101111111111110, flags=SA_RESTART|SA_SIGINFO, blocked
    SIGILL: crash_handler in libjvm.so, mask=11100100010111111101111111111110, flags=SA_RESTART|SA_SIGINFO, unblocked
   SIGUSR2: SR_handler in libjvm.so, mask=00000000000000000000000000000000, flags=SA_RESTART|SA_SIGINFO, blocked
    SIGHUP: UserHandler in libjvm.so, mask=11100100010111111101111111111110, flags=SA_RESTART|SA_SIGINFO, blocked
    SIGINT: UserHandler in libjvm.so, mask=11100100010111111101111111111110, flags=SA_RESTART|SA_SIGINFO, blocked
   SIGTERM: UserHandler in libjvm.so, mask=11100100010111111101111111111110, flags=SA_RESTART|SA_SIGINFO, blocked
   SIGQUIT: UserHandler in libjvm.so, mask=11100100010111111101111111111110, flags=SA_RESTART|SA_SIGINFO, blocked
   SIGTRAP: crash_handler in libjvm.so, mask=11100100010111111101111111111110, flags=SA_RESTART|SA_SIGINFO, unblocked


Periodic native trim disabled

---------------  S Y S T E M  ---------------

OS:
DISTRIB_ID=Ubuntu
DISTRIB_RELEASE=22.04
DISTRIB_CODENAME=jammy
DISTRIB_DESCRIPTION="Ubuntu 22.04.2 LTS"
uname: Linux 5.15.167.4-microsoft-standard-WSL2 #1 SMP Tue Nov 5 00:21:55 UTC 2024 x86_64
OS uptime: 0 days 1:06 hours
libc: glibc 2.35 NPTL 2.35 
rlimit (soft/hard): STACK 8192k/infinity , CORE 0k/infinity , NPROC 63452/63452 , NOFILE 1048576/1048576 , AS infinity/infinity , CPU infinity/infinity , DATA infinity/infinity , FSIZE infinity/infinity , MEMLOCK 65536k/65536k
load average: 0.04 0.08 0.08

/proc/meminfo:
MemTotal:       16250696 kB
MemFree:        14328232 kB
MemAvailable:   14629648 kB
Buffers:            5092 kB
Cached:           515700 kB
SwapCached:            0 kB
Active:            80052 kB
Inactive:        1318408 kB
Active(anon):       2260 kB
Inactive(anon):   879680 kB
Active(file):      77792 kB
Inactive(file):   438728 kB
Unevictable:           0 kB
Mlocked:               0 kB
SwapTotal:       4194304 kB
SwapFree:        4194304 kB
Dirty:                 4 kB
Writeback:             0 kB
AnonPages:        872404 kB
Mapped:           428208 kB
Shmem:              4272 kB
KReclaimable:      65640 kB
Slab:             167976 kB
SReclaimable:      65640 kB
SUnreclaim:       102336 kB
KernelStack:        9840 kB
PageTables:         9252 kB
NFS_Unstable:          0 kB
Bounce:                0 kB
WritebackTmp:          0 kB
CommitLimit:    12319652 kB
Committed_AS:    3426336 kB
VmallocTotal:   34359738367 kB
VmallocUsed:       32672 kB
VmallocChunk:          0 kB
Percpu:            16128 kB
AnonHugePages:    526336 kB
ShmemHugePages:        0 kB
ShmemPmdMapped:        0 kB
FileHugePages:         0 kB
FilePmdMapped:         0 kB
HugePages_Total:       0
HugePages_Free:        0
HugePages_Rsvd:        0
HugePages_Surp:        0
Hugepagesize:       2048 kB
Hugetlb:               0 kB
DirectMap4k:      130048 kB
DirectMap2M:     7084032 kB
DirectMap1G:    18874368 kB

/sys/kernel/mm/transparent_hugepage/enabled: [always] madvise never
/sys/kernel/mm/transparent_hugepage/hpage_pmd_size: 2097152
/sys/kernel/mm/transparent_hugepage/defrag (defrag/compaction efforts parameter): always defer defer+madvise [madvise] never

Process Memory:
Virtual Size: 7431204K (peak: 7666108K)
Resident Set Size: 147128K (peak: 225980K) (anon: 84356K, file: 62772K, shmem: 0K)
Swapped out: 0K
C-Heap outstanding allocations: 58381K, retained: 16630K
glibc malloc tunables: (default)

/proc/sys/kernel/threads-max (system-wide limit on the number of threads): 126904
/proc/sys/vm/max_map_count (maximum number of memory map areas a process may have): 65530
/proc/sys/vm/swappiness (control to define how aggressively the kernel swaps out anonymous memory): 60
/proc/sys/kernel/pid_max (system-wide limit on number of process identifiers): 4194304

container (cgroup) information:
container_type: cgroupv1
cpu_cpuset_cpus: 0-31
cpu_memory_nodes: 0
active_processor_count: 32
cpu_quota: no quota
cpu_period: 100000
cpu_shares: no shares
memory_limit_in_bytes: unlimited
memory_and_swap_limit_in_bytes: unlimited
memory_soft_limit_in_bytes: unlimited
memory_usage_in_bytes: 1393216 k
memory_max_usage_in_bytes: 1914400 k
kernel_memory_usage_in_bytes: 49132 k
kernel_memory_max_usage_in_bytes: unlimited
kernel_memory_limit_in_bytes: 81576 k
maximum number of tasks: not supported
current number of tasks: not supported

Hyper-V virtualization detected
Steal ticks since vm start: 0
Steal ticks percentage since vm start:  0.000

CPU: total 32 (initial active 32) (16 cores per cpu, 2 threads per core) family 6 model 183 stepping 1 microcode 0xffffffff, cx8, cmov, fxsr, ht, mmx, 3dnowpref, sse, sse2, sse3, ssse3, sse4.1, sse4.2, popcnt, lzcnt, tsc, tscinvbit, avx, avx2, aes, erms, clmul, bmi1, bmi2, adx, sha, fma, vzeroupper, clflush, clflushopt, clwb, hv, serialize, rdtscp, rdpid, fsrm, f16c, cet_ibt, cet_ss
CPU Model and flags from /proc/cpuinfo:
model name	: 13th Gen Intel(R) Core(TM) i9-13900K
flags		: fpu vme de pse tsc msr pae mce cx8 apic sep mtrr pge mca cmov pat pse36 clflush mmx fxsr sse sse2 ss ht syscall nx pdpe1gb rdtscp lm constant_tsc rep_good nopl xtopology tsc_reliable nonstop_tsc cpuid pni pclmulqdq vmx ssse3 fma cx16 pcid sse4_1 sse4_2 x2apic movbe popcnt tsc_deadline_timer aes xsave avx f16c rdrand hypervisor lahf_lm abm 3dnowprefetch invpcid_single ssbd ibrs ibpb stibp ibrs_enhanced tpr_shadow vnmi ept vpid ept_ad fsgsbase tsc_adjust bmi1 avx2 smep bmi2 erms invpcid rdseed adx smap clflushopt clwb sha_ni xsaveopt xsavec xgetbv1 xsaves avx_vnni umip waitpkg gfni vaes vpclmulqdq rdpid movdiri movdir64b fsrm md_clear serialize flush_l1d arch_capabilities

Online cpus: 0-31
Offline cpus: 
BIOS frequency limitation: <Not Available>
Frequency switch latency (ns): <Not Available>
Available cpu frequencies: <Not Available>
Current governor: <Not Available>
Core performance/turbo boost: <Not Available>

Memory: 4k page, physical 16250696k(14629648k free), swap 4194304k(4194304k free)
Page Sizes: 4k

vm_info: OpenJDK 64-Bit Server VM (21.0.6+7-Ubuntu-122.04.1) for linux-amd64 JRE (21.0.6+7-Ubuntu-122.04.1), built on 2025-01-23T22:52:17Z by "buildd" with gcc 12.3.0

END.
